

Started GET "/" for 192.168.100.100 at 2015-10-01 15:01:10 +0200

PG::ConnectionBad (could not connect to server: No such file or directory
	Is the server running locally and accepting
	connections on Unix domain socket "/var/run/postgresql/.s.PGSQL.5432"?
):
  activerecord (4.1.4) lib/active_record/connection_adapters/postgresql_adapter.rb:888:in `initialize'
  activerecord (4.1.4) lib/active_record/connection_adapters/postgresql_adapter.rb:888:in `new'
  activerecord (4.1.4) lib/active_record/connection_adapters/postgresql_adapter.rb:888:in `connect'
  activerecord (4.1.4) lib/active_record/connection_adapters/postgresql_adapter.rb:568:in `initialize'
  activerecord (4.1.4) lib/active_record/connection_adapters/postgresql_adapter.rb:41:in `new'
  activerecord (4.1.4) lib/active_record/connection_adapters/postgresql_adapter.rb:41:in `postgresql_connection'
  activerecord (4.1.4) lib/active_record/connection_adapters/abstract/connection_pool.rb:435:in `new_connection'
  activerecord (4.1.4) lib/active_record/connection_adapters/abstract/connection_pool.rb:445:in `checkout_new_connection'
  activerecord (4.1.4) lib/active_record/connection_adapters/abstract/connection_pool.rb:416:in `acquire_connection'
  activerecord (4.1.4) lib/active_record/connection_adapters/abstract/connection_pool.rb:351:in `block in checkout'
  /home/vagrant/.rbenv/versions/2.1.2/lib/ruby/2.1.0/monitor.rb:211:in `mon_synchronize'
  activerecord (4.1.4) lib/active_record/connection_adapters/abstract/connection_pool.rb:350:in `checkout'
  activerecord (4.1.4) lib/active_record/connection_adapters/abstract/connection_pool.rb:265:in `block in connection'
  /home/vagrant/.rbenv/versions/2.1.2/lib/ruby/2.1.0/monitor.rb:211:in `mon_synchronize'
  activerecord (4.1.4) lib/active_record/connection_adapters/abstract/connection_pool.rb:264:in `connection'
  activerecord (4.1.4) lib/active_record/connection_adapters/abstract/connection_pool.rb:541:in `retrieve_connection'
  activerecord (4.1.4) lib/active_record/connection_handling.rb:113:in `retrieve_connection'
  activerecord (4.1.4) lib/active_record/connection_handling.rb:87:in `connection'
  activerecord (4.1.4) lib/active_record/migration.rb:388:in `check_pending!'
  activerecord (4.1.4) lib/active_record/migration.rb:377:in `call'
  actionpack (4.1.4) lib/action_dispatch/middleware/callbacks.rb:29:in `block in call'
  activesupport (4.1.4) lib/active_support/callbacks.rb:82:in `run_callbacks'
  actionpack (4.1.4) lib/action_dispatch/middleware/callbacks.rb:27:in `call'
  actionpack (4.1.4) lib/action_dispatch/middleware/reloader.rb:73:in `call'
  actionpack (4.1.4) lib/action_dispatch/middleware/remote_ip.rb:76:in `call'
  better_errors (2.1.1) lib/better_errors/middleware.rb:59:in `call'
  actionpack (4.1.4) lib/action_dispatch/middleware/debug_exceptions.rb:17:in `call'
  actionpack (4.1.4) lib/action_dispatch/middleware/show_exceptions.rb:30:in `call'
  railties (4.1.4) lib/rails/rack/logger.rb:38:in `call_app'
  railties (4.1.4) lib/rails/rack/logger.rb:20:in `block in call'
  activesupport (4.1.4) lib/active_support/tagged_logging.rb:68:in `block in tagged'
  activesupport (4.1.4) lib/active_support/tagged_logging.rb:26:in `tagged'
  activesupport (4.1.4) lib/active_support/tagged_logging.rb:68:in `tagged'
  railties (4.1.4) lib/rails/rack/logger.rb:20:in `call'
  quiet_assets (1.1.0) lib/quiet_assets.rb:27:in `call_with_quiet_assets'
  actionpack (4.1.4) lib/action_dispatch/middleware/request_id.rb:21:in `call'
  rack (1.5.5) lib/rack/methodoverride.rb:21:in `call'
  rack (1.5.5) lib/rack/runtime.rb:17:in `call'
  activesupport (4.1.4) lib/active_support/cache/strategy/local_cache_middleware.rb:26:in `call'
  rack (1.5.5) lib/rack/lock.rb:17:in `call'
  actionpack (4.1.4) lib/action_dispatch/middleware/static.rb:64:in `call'
  rack (1.5.5) lib/rack/sendfile.rb:112:in `call'
  railties (4.1.4) lib/rails/engine.rb:514:in `call'
  railties (4.1.4) lib/rails/application.rb:144:in `call'
  rack (1.5.5) lib/rack/content_length.rb:14:in `call'
  thin (1.6.3) lib/thin/connection.rb:86:in `block in pre_process'
  thin (1.6.3) lib/thin/connection.rb:84:in `catch'
  thin (1.6.3) lib/thin/connection.rb:84:in `pre_process'
  thin (1.6.3) lib/thin/connection.rb:53:in `process'
  thin (1.6.3) lib/thin/connection.rb:39:in `receive_data'
  eventmachine (1.0.8) lib/eventmachine.rb:193:in `run_machine'
  eventmachine (1.0.8) lib/eventmachine.rb:193:in `run'
  thin (1.6.3) lib/thin/backends/base.rb:73:in `start'
  thin (1.6.3) lib/thin/server.rb:162:in `start'
  rack (1.5.5) lib/rack/handler/thin.rb:16:in `run'
  rack (1.5.5) lib/rack/server.rb:264:in `start'
  railties (4.1.4) lib/rails/commands/server.rb:69:in `start'
  railties (4.1.4) lib/rails/commands/commands_tasks.rb:81:in `block in server'
  railties (4.1.4) lib/rails/commands/commands_tasks.rb:76:in `tap'
  railties (4.1.4) lib/rails/commands/commands_tasks.rb:76:in `server'
  railties (4.1.4) lib/rails/commands/commands_tasks.rb:40:in `run_command!'
  railties (4.1.4) lib/rails/commands.rb:17:in `<top (required)>'
  bin/rails:8:in `require'
  bin/rails:8:in `<top (required)>'
  spring (1.3.6) lib/spring/client/rails.rb:28:in `load'
  spring (1.3.6) lib/spring/client/rails.rb:28:in `call'
  spring (1.3.6) lib/spring/client/command.rb:7:in `call'
  spring (1.3.6) lib/spring/client.rb:26:in `run'
  spring (1.3.6) bin/spring:48:in `<top (required)>'
  spring (1.3.6) lib/spring/binstub.rb:11:in `load'
  spring (1.3.6) lib/spring/binstub.rb:11:in `<top (required)>'
  bin/spring:16:in `require'
  bin/spring:16:in `<top (required)>'
  bin/rails:3:in `load'
  bin/rails:3:in `<main>'


  Rendered /home/vagrant/.rbenv/versions/2.1.2/lib/ruby/gems/2.1.0/gems/actionpack-4.1.4/lib/action_dispatch/middleware/templates/rescues/_source.erb (8.6ms)
  Rendered /home/vagrant/.rbenv/versions/2.1.2/lib/ruby/gems/2.1.0/gems/actionpack-4.1.4/lib/action_dispatch/middleware/templates/rescues/_trace.html.erb (7.6ms)
  Rendered /home/vagrant/.rbenv/versions/2.1.2/lib/ruby/gems/2.1.0/gems/actionpack-4.1.4/lib/action_dispatch/middleware/templates/rescues/_request_and_response.html.erb (5.1ms)
  Rendered /home/vagrant/.rbenv/versions/2.1.2/lib/ruby/gems/2.1.0/gems/actionpack-4.1.4/lib/action_dispatch/middleware/templates/rescues/diagnostics.erb within rescues/layout (85.1ms)


Started GET "/" for 192.168.100.100 at 2015-10-01 15:05:05 +0200
  [1m[36mActiveRecord::SchemaMigration Load (5.2ms)[0m  [1mSELECT "schema_migrations".* FROM "schema_migrations"[0m
Processing by WelcomeController#index as HTML
  [1m[35mUser Load (18.7ms)[0m  select user_id, user_name, count(*) as cnt from answers left join corrects using (stage) left join users on answers.user_id = users.id  where answer = correct group by user_id, user_name order by cnt desc;
  [1m[36mAnswer Load (1.5ms)[0m  [1mselect stage, answer ,count(*) as cnt from answers group by stage, answer order by stage ,answer;[0m
  [1m[35m (12.2ms)[0m  SELECT MAX("answers"."stage") AS max_id FROM "answers"
  Rendered welcome/index.html.haml within layouts/application (32.1ms)
  [1m[36mAdmin Load (16.0ms)[0m  [1mSELECT  "admins".* FROM "admins"  WHERE "admins"."id" = 1  ORDER BY "admins"."id" ASC LIMIT 1[0m
Completed 200 OK in 1394ms (Views: 1032.5ms | ActiveRecord: 70.6ms)


Started GET "/" for 192.168.100.100 at 2015-10-01 15:05:07 +0200
Processing by WelcomeController#index as HTML
  [1m[35mUser Load (2.4ms)[0m  select user_id, user_name, count(*) as cnt from answers left join corrects using (stage) left join users on answers.user_id = users.id  where answer = correct group by user_id, user_name order by cnt desc;
  [1m[36mAnswer Load (2.2ms)[0m  [1mselect stage, answer ,count(*) as cnt from answers group by stage, answer order by stage ,answer;[0m
  [1m[35m (2.8ms)[0m  SELECT MAX("answers"."stage") AS max_id FROM "answers"
  Rendered welcome/index.html.haml within layouts/application (3.4ms)
  [1m[36mAdmin Load (1.3ms)[0m  [1mSELECT  "admins".* FROM "admins"  WHERE "admins"."id" = 1  ORDER BY "admins"."id" ASC LIMIT 1[0m
Completed 200 OK in 786ms (Views: 636.3ms | ActiveRecord: 8.7ms)


Started GET "/reset" for 192.168.100.100 at 2015-10-01 15:05:17 +0200
Processing by ResetController#index as HTML
  Rendered reset/index.html.haml within layouts/application (64.9ms)
Completed 500 Internal Server Error in 81ms

ActionView::Template::Error (undefined local variable or method `reset' for #<#<Class:0x007fc330d28b10>:0x007fc330d28070>):
    6: 
    7: 
    8: %div.text-center
    9:   = link_to '初期化する', reset , class: 'btn btn-success btn-lg'
  app/views/reset/index.html.haml:9:in `_app_views_reset_index_html_haml___930911735135876627_70238157203880'


  Rendered /home/vagrant/.rbenv/versions/2.1.2/lib/ruby/gems/2.1.0/gems/actionpack-4.1.4/lib/action_dispatch/middleware/templates/rescues/_trace.html.erb (6.3ms)
  Rendered /home/vagrant/.rbenv/versions/2.1.2/lib/ruby/gems/2.1.0/gems/actionpack-4.1.4/lib/action_dispatch/middleware/templates/rescues/_request_and_response.html.erb (5.2ms)
  Rendered /home/vagrant/.rbenv/versions/2.1.2/lib/ruby/gems/2.1.0/gems/actionpack-4.1.4/lib/action_dispatch/middleware/templates/rescues/template_error.html.erb within rescues/layout (50.2ms)


Started GET "/reset" for 192.168.100.100 at 2015-10-01 15:06:39 +0200
Processing by ResetController#index as HTML
  Rendered reset/index.html.haml within layouts/application (65.9ms)
Completed 500 Internal Server Error in 82ms

ActionView::Template::Error (undefined local variable or method `reset' for #<#<Class:0x007fc330d28b10>:0x007fc330a7a418>):
    6: 
    7: 
    8: %div.text-center
    9:   = link_to '解答一覧へ', reset , :method => :get, class: 'btn btn-success btn-lg'
  app/views/reset/index.html.haml:9:in `_app_views_reset_index_html_haml___930911735135876627_70238155818280'


  Rendered /home/vagrant/.rbenv/versions/2.1.2/lib/ruby/gems/2.1.0/gems/actionpack-4.1.4/lib/action_dispatch/middleware/templates/rescues/_trace.html.erb (5.7ms)
  Rendered /home/vagrant/.rbenv/versions/2.1.2/lib/ruby/gems/2.1.0/gems/actionpack-4.1.4/lib/action_dispatch/middleware/templates/rescues/_request_and_response.html.erb (5.5ms)
  Rendered /home/vagrant/.rbenv/versions/2.1.2/lib/ruby/gems/2.1.0/gems/actionpack-4.1.4/lib/action_dispatch/middleware/templates/rescues/template_error.html.erb within rescues/layout (48.3ms)


Started GET "/resetefhwa" for 192.168.100.100 at 2015-10-01 15:07:06 +0200

ActionController::RoutingError (No route matches [GET] "/resetefhwa"):
  actionpack (4.1.4) lib/action_dispatch/middleware/debug_exceptions.rb:21:in `call'
  actionpack (4.1.4) lib/action_dispatch/middleware/show_exceptions.rb:30:in `call'
  railties (4.1.4) lib/rails/rack/logger.rb:38:in `call_app'
  railties (4.1.4) lib/rails/rack/logger.rb:22:in `call'
  quiet_assets (1.1.0) lib/quiet_assets.rb:27:in `call_with_quiet_assets'
  actionpack (4.1.4) lib/action_dispatch/middleware/request_id.rb:21:in `call'
  rack (1.5.5) lib/rack/methodoverride.rb:21:in `call'
  rack (1.5.5) lib/rack/runtime.rb:17:in `call'
  activesupport (4.1.4) lib/active_support/cache/strategy/local_cache_middleware.rb:26:in `call'
  rack (1.5.5) lib/rack/lock.rb:17:in `call'
  actionpack (4.1.4) lib/action_dispatch/middleware/static.rb:64:in `call'
  rack (1.5.5) lib/rack/sendfile.rb:112:in `call'
  railties (4.1.4) lib/rails/engine.rb:514:in `call'
  railties (4.1.4) lib/rails/application.rb:144:in `call'
  rack (1.5.5) lib/rack/content_length.rb:14:in `call'
  thin (1.6.3) lib/thin/connection.rb:86:in `block in pre_process'
  thin (1.6.3) lib/thin/connection.rb:84:in `catch'
  thin (1.6.3) lib/thin/connection.rb:84:in `pre_process'
  thin (1.6.3) lib/thin/connection.rb:53:in `process'
  thin (1.6.3) lib/thin/connection.rb:39:in `receive_data'
  eventmachine (1.0.8) lib/eventmachine.rb:193:in `run_machine'
  eventmachine (1.0.8) lib/eventmachine.rb:193:in `run'
  thin (1.6.3) lib/thin/backends/base.rb:73:in `start'
  thin (1.6.3) lib/thin/server.rb:162:in `start'
  rack (1.5.5) lib/rack/handler/thin.rb:16:in `run'
  rack (1.5.5) lib/rack/server.rb:264:in `start'
  railties (4.1.4) lib/rails/commands/server.rb:69:in `start'
  railties (4.1.4) lib/rails/commands/commands_tasks.rb:81:in `block in server'
  railties (4.1.4) lib/rails/commands/commands_tasks.rb:76:in `tap'
  railties (4.1.4) lib/rails/commands/commands_tasks.rb:76:in `server'
  railties (4.1.4) lib/rails/commands/commands_tasks.rb:40:in `run_command!'
  railties (4.1.4) lib/rails/commands.rb:17:in `<top (required)>'
  bin/rails:8:in `require'
  bin/rails:8:in `<top (required)>'
  spring (1.3.6) lib/spring/client/rails.rb:28:in `load'
  spring (1.3.6) lib/spring/client/rails.rb:28:in `call'
  spring (1.3.6) lib/spring/client/command.rb:7:in `call'
  spring (1.3.6) lib/spring/client.rb:26:in `run'
  spring (1.3.6) bin/spring:48:in `<top (required)>'
  spring (1.3.6) lib/spring/binstub.rb:11:in `load'
  spring (1.3.6) lib/spring/binstub.rb:11:in `<top (required)>'
  bin/spring:16:in `require'
  bin/spring:16:in `<top (required)>'
  bin/rails:3:in `load'
  bin/rails:3:in `<main>'


  Rendered /home/vagrant/.rbenv/versions/2.1.2/lib/ruby/gems/2.1.0/gems/actionpack-4.1.4/lib/action_dispatch/middleware/templates/rescues/_trace.html.erb (5.2ms)
  Rendered /home/vagrant/.rbenv/versions/2.1.2/lib/ruby/gems/2.1.0/gems/actionpack-4.1.4/lib/action_dispatch/middleware/templates/routes/_route.html.erb (8.9ms)
  Rendered /home/vagrant/.rbenv/versions/2.1.2/lib/ruby/gems/2.1.0/gems/actionpack-4.1.4/lib/action_dispatch/middleware/templates/routes/_table.html.erb (40.2ms)
  Rendered /home/vagrant/.rbenv/versions/2.1.2/lib/ruby/gems/2.1.0/gems/actionpack-4.1.4/lib/action_dispatch/middleware/templates/rescues/routing_error.html.erb within rescues/layout (278.6ms)


Started GET "/reset" for 192.168.100.100 at 2015-10-01 15:07:30 +0200
Processing by ResetController#index as HTML
  Rendered reset/index.html.haml within layouts/application (14.2ms)
  [1m[35mAdmin Load (1.9ms)[0m  SELECT  "admins".* FROM "admins"  WHERE "admins"."id" = 1  ORDER BY "admins"."id" ASC LIMIT 1
Completed 200 OK in 640ms (Views: 530.4ms | ActiveRecord: 1.9ms)


Started GET "/reset" for 192.168.100.100 at 2015-10-01 15:09:33 +0200
Processing by ResetController#index as HTML
  Rendered reset/index.html.haml within layouts/application (13.0ms)
  [1m[36mAdmin Load (1.2ms)[0m  [1mSELECT  "admins".* FROM "admins"  WHERE "admins"."id" = 1  ORDER BY "admins"."id" ASC LIMIT 1[0m
Completed 200 OK in 679ms (Views: 543.0ms | ActiveRecord: 1.2ms)


Started GET "/" for 192.168.100.100 at 2015-10-01 15:27:11 +0200
Processing by WelcomeController#index as HTML
  [1m[35mUser Load (2.4ms)[0m  select user_id, user_name, count(*) as cnt from answers left join corrects using (stage) left join users on answers.user_id = users.id  where answer = correct group by user_id, user_name order by cnt desc;
  [1m[36mAnswer Load (1.4ms)[0m  [1mselect stage, answer ,count(*) as cnt from answers group by stage, answer order by stage ,answer;[0m
  [1m[35m (1.0ms)[0m  SELECT MAX("answers"."stage") AS max_id FROM "answers"
  Rendered welcome/index.html.haml within layouts/application (22.0ms)
  [1m[36mAdmin Load (1.2ms)[0m  [1mSELECT  "admins".* FROM "admins"  WHERE "admins"."id" = 1  ORDER BY "admins"."id" ASC LIMIT 1[0m
Completed 200 OK in 646ms (Views: 483.0ms | ActiveRecord: 23.0ms)


Started GET "/" for 192.168.100.100 at 2015-10-01 15:27:46 +0200
Processing by WelcomeController#index as HTML
  [1m[35mUser Load (3.7ms)[0m  select user_id, user_name, count(*) as cnt from answers left join corrects using (stage) left join users on answers.user_id = users.id  where answer = correct group by user_id, user_name order by cnt desc;
  [1m[36mAnswer Load (3.4ms)[0m  [1mselect stage, answer ,count(*) as cnt from answers group by stage, answer order by stage ,answer;[0m
  [1m[35m (3.1ms)[0m  SELECT MAX("answers"."stage") AS max_id FROM "answers"
  Rendered welcome/index.html.haml within layouts/application (36.3ms)
  [1m[36mAdmin Load (1.8ms)[0m  [1mSELECT  "admins".* FROM "admins"  WHERE "admins"."id" = 1  ORDER BY "admins"."id" ASC LIMIT 1[0m
Completed 200 OK in 963ms (Views: 800.4ms | ActiveRecord: 12.0ms)


Started GET "/" for 192.168.100.100 at 2015-10-01 15:28:16 +0200
Processing by WelcomeController#index as HTML
  [1m[35mUser Load (4.1ms)[0m  select user_id, user_name, count(*) as cnt from answers left join corrects using (stage) left join users on answers.user_id = users.id  where answer = correct group by user_id, user_name order by cnt desc;
  [1m[36mAnswer Load (3.7ms)[0m  [1mselect stage, answer ,count(*) as cnt from answers group by stage, answer order by stage ,answer;[0m
  [1m[35m (1.8ms)[0m  SELECT MAX("answers"."stage") AS max_id FROM "answers"
  Rendered welcome/index.html.haml within layouts/application (31.6ms)
  [1m[36mAdmin Load (1.0ms)[0m  [1mSELECT  "admins".* FROM "admins"  WHERE "admins"."id" = 1  ORDER BY "admins"."id" ASC LIMIT 1[0m
Completed 200 OK in 621ms (Views: 503.7ms | ActiveRecord: 10.6ms)


Started GET "/reset" for 192.168.100.100 at 2015-10-01 15:28:46 +0200
Processing by ResetController#index as HTML
  Parameters: {"authenticity_token"=>"x5BIIUKgbqbWmiBJLl874VIkdhqNJbCUCJQpsBvW4hw="}
  Rendered reset/index.html.haml within layouts/application (16.2ms)
  [1m[35mAdmin Load (1.6ms)[0m  SELECT  "admins".* FROM "admins"  WHERE "admins"."id" = 1  ORDER BY "admins"."id" ASC LIMIT 1
Completed 200 OK in 634ms (Views: 522.9ms | ActiveRecord: 1.6ms)


Started DELETE "/reset" for 192.168.100.100 at 2015-10-01 15:29:05 +0200
Processing by ResetController#delete as HTML
  Parameters: {"authenticity_token"=>"x5BIIUKgbqbWmiBJLl874VIkdhqNJbCUCJQpsBvW4hw="}
  [1m[36mCorrect Load (1.8ms)[0m  [1mSELECT "corrects".* FROM "corrects"[0m
  [1m[35m (0.7ms)[0m  BEGIN
  [1m[36mSQL (1.1ms)[0m  [1mDELETE FROM "corrects" WHERE "corrects"."stage" = $1[0m  [["stage", 1]]
  [1m[35m (3.8ms)[0m  COMMIT
  [1m[36mAnswer Load (2.4ms)[0m  [1mSELECT "answers".* FROM "answers"[0m
  [1m[35m (0.6ms)[0m  BEGIN
  [1m[36mSQL (0.6ms)[0m  [1mDELETE FROM "answers" WHERE "answers"."id" = $1[0m  [["id", 969]]
  [1m[35m (3.2ms)[0m  COMMIT
  [1m[36m (1.4ms)[0m  [1mBEGIN[0m
  [1m[35mSQL (1.7ms)[0m  DELETE FROM "answers" WHERE "answers"."id" = $1  [["id", 970]]
  [1m[36m (3.0ms)[0m  [1mCOMMIT[0m
  [1m[35m (2.3ms)[0m  BEGIN
  [1m[36mSQL (2.0ms)[0m  [1mDELETE FROM "answers" WHERE "answers"."id" = $1[0m  [["id", 971]]
  [1m[35m (2.4ms)[0m  COMMIT
  [1m[36m (1.1ms)[0m  [1mBEGIN[0m
  [1m[35mSQL (1.4ms)[0m  DELETE FROM "answers" WHERE "answers"."id" = $1  [["id", 972]]
  [1m[36m (2.4ms)[0m  [1mCOMMIT[0m
  [1m[35m (0.7ms)[0m  BEGIN
  [1m[36mSQL (1.1ms)[0m  [1mDELETE FROM "answers" WHERE "answers"."id" = $1[0m  [["id", 974]]
  [1m[35m (3.6ms)[0m  COMMIT
  [1m[36m (1.1ms)[0m  [1mBEGIN[0m
  [1m[35mSQL (1.8ms)[0m  DELETE FROM "answers" WHERE "answers"."id" = $1  [["id", 975]]
  [1m[36m (3.1ms)[0m  [1mCOMMIT[0m
  [1m[35m (0.5ms)[0m  BEGIN
  [1m[36mSQL (1.7ms)[0m  [1mDELETE FROM "answers" WHERE "answers"."id" = $1[0m  [["id", 976]]
  [1m[35m (2.7ms)[0m  COMMIT
  [1m[36m (1.9ms)[0m  [1mBEGIN[0m
  [1m[35mSQL (1.7ms)[0m  DELETE FROM "answers" WHERE "answers"."id" = $1  [["id", 977]]
  [1m[36m (2.8ms)[0m  [1mCOMMIT[0m
  [1m[35m (0.8ms)[0m  BEGIN
  [1m[36mSQL (1.0ms)[0m  [1mDELETE FROM "answers" WHERE "answers"."id" = $1[0m  [["id", 978]]
  [1m[35m (2.8ms)[0m  COMMIT
  [1m[36m (1.2ms)[0m  [1mBEGIN[0m
  [1m[35mSQL (1.5ms)[0m  DELETE FROM "answers" WHERE "answers"."id" = $1  [["id", 979]]
  [1m[36m (2.9ms)[0m  [1mCOMMIT[0m
  [1m[35m (1.8ms)[0m  BEGIN
  [1m[36mSQL (1.7ms)[0m  [1mDELETE FROM "answers" WHERE "answers"."id" = $1[0m  [["id", 980]]
  [1m[35m (2.9ms)[0m  COMMIT
  [1m[36m (0.8ms)[0m  [1mBEGIN[0m
  [1m[35mSQL (1.9ms)[0m  DELETE FROM "answers" WHERE "answers"."id" = $1  [["id", 981]]
  [1m[36m (3.3ms)[0m  [1mCOMMIT[0m
  [1m[35m (1.0ms)[0m  BEGIN
  [1m[36mSQL (1.3ms)[0m  [1mDELETE FROM "answers" WHERE "answers"."id" = $1[0m  [["id", 982]]
  [1m[35m (4.7ms)[0m  COMMIT
  [1m[36m (0.7ms)[0m  [1mBEGIN[0m
  [1m[35mSQL (1.1ms)[0m  DELETE FROM "answers" WHERE "answers"."id" = $1  [["id", 983]]
  [1m[36m (2.9ms)[0m  [1mCOMMIT[0m
  [1m[35m (0.9ms)[0m  BEGIN
  [1m[36mSQL (0.9ms)[0m  [1mDELETE FROM "answers" WHERE "answers"."id" = $1[0m  [["id", 984]]
  [1m[35m (2.8ms)[0m  COMMIT
  [1m[36m (1.0ms)[0m  [1mBEGIN[0m
  [1m[35mSQL (2.0ms)[0m  DELETE FROM "answers" WHERE "answers"."id" = $1  [["id", 985]]
  [1m[36m (3.3ms)[0m  [1mCOMMIT[0m
  [1m[35m (1.3ms)[0m  BEGIN
  [1m[36mSQL (1.7ms)[0m  [1mDELETE FROM "answers" WHERE "answers"."id" = $1[0m  [["id", 986]]
  [1m[35m (2.2ms)[0m  COMMIT
  [1m[36m (0.6ms)[0m  [1mBEGIN[0m
  [1m[35mSQL (1.8ms)[0m  DELETE FROM "answers" WHERE "answers"."id" = $1  [["id", 987]]
  [1m[36m (3.4ms)[0m  [1mCOMMIT[0m
  [1m[35m (2.0ms)[0m  BEGIN
  [1m[36mSQL (2.4ms)[0m  [1mDELETE FROM "answers" WHERE "answers"."id" = $1[0m  [["id", 988]]
  [1m[35m (3.3ms)[0m  COMMIT
  [1m[36m (1.2ms)[0m  [1mBEGIN[0m
  [1m[35mSQL (1.7ms)[0m  DELETE FROM "answers" WHERE "answers"."id" = $1  [["id", 989]]
  [1m[36m (2.3ms)[0m  [1mCOMMIT[0m
  [1m[35m (1.0ms)[0m  BEGIN
  [1m[36mSQL (1.0ms)[0m  [1mDELETE FROM "answers" WHERE "answers"."id" = $1[0m  [["id", 990]]
  [1m[35m (3.0ms)[0m  COMMIT
  [1m[36m (1.6ms)[0m  [1mBEGIN[0m
  [1m[35mSQL (2.7ms)[0m  DELETE FROM "answers" WHERE "answers"."id" = $1  [["id", 991]]
  [1m[36m (2.6ms)[0m  [1mCOMMIT[0m
  [1m[35m (1.1ms)[0m  BEGIN
  [1m[36mSQL (1.6ms)[0m  [1mDELETE FROM "answers" WHERE "answers"."id" = $1[0m  [["id", 992]]
  [1m[35m (2.4ms)[0m  COMMIT
  [1m[36m (1.2ms)[0m  [1mBEGIN[0m
  [1m[35mSQL (1.7ms)[0m  DELETE FROM "answers" WHERE "answers"."id" = $1  [["id", 993]]
  [1m[36m (6.1ms)[0m  [1mCOMMIT[0m
  [1m[35m (1.5ms)[0m  BEGIN
  [1m[36mSQL (1.3ms)[0m  [1mDELETE FROM "answers" WHERE "answers"."id" = $1[0m  [["id", 994]]
  [1m[35m (2.2ms)[0m  COMMIT
  [1m[36m (0.8ms)[0m  [1mBEGIN[0m
  [1m[35mSQL (1.2ms)[0m  DELETE FROM "answers" WHERE "answers"."id" = $1  [["id", 995]]
  [1m[36m (3.4ms)[0m  [1mCOMMIT[0m
  [1m[35m (1.5ms)[0m  BEGIN
  [1m[36mSQL (2.1ms)[0m  [1mDELETE FROM "answers" WHERE "answers"."id" = $1[0m  [["id", 996]]
  [1m[35m (2.8ms)[0m  COMMIT
  [1m[36m (1.0ms)[0m  [1mBEGIN[0m
  [1m[35mSQL (0.8ms)[0m  DELETE FROM "answers" WHERE "answers"."id" = $1  [["id", 997]]
  [1m[36m (4.4ms)[0m  [1mCOMMIT[0m
  [1m[35m (2.6ms)[0m  BEGIN
  [1m[36mSQL (3.8ms)[0m  [1mDELETE FROM "answers" WHERE "answers"."id" = $1[0m  [["id", 998]]
  [1m[35m (8.5ms)[0m  COMMIT
  [1m[36m (1.6ms)[0m  [1mBEGIN[0m
  [1m[35mSQL (0.7ms)[0m  DELETE FROM "answers" WHERE "answers"."id" = $1  [["id", 999]]
  [1m[36m (2.3ms)[0m  [1mCOMMIT[0m
  [1m[35m (0.6ms)[0m  BEGIN
  [1m[36mSQL (1.7ms)[0m  [1mDELETE FROM "answers" WHERE "answers"."id" = $1[0m  [["id", 1000]]
  [1m[35m (3.7ms)[0m  COMMIT
  [1m[36m (1.6ms)[0m  [1mBEGIN[0m
  [1m[35mSQL (2.2ms)[0m  DELETE FROM "answers" WHERE "answers"."id" = $1  [["id", 1001]]
  [1m[36m (2.5ms)[0m  [1mCOMMIT[0m
  [1m[35m (1.3ms)[0m  BEGIN
  [1m[36mSQL (1.8ms)[0m  [1mDELETE FROM "answers" WHERE "answers"."id" = $1[0m  [["id", 1002]]
  [1m[35m (2.8ms)[0m  COMMIT
  [1m[36m (1.0ms)[0m  [1mBEGIN[0m
  [1m[35mSQL (1.8ms)[0m  DELETE FROM "answers" WHERE "answers"."id" = $1  [["id", 1003]]
  [1m[36m (3.3ms)[0m  [1mCOMMIT[0m
  [1m[35m (0.8ms)[0m  BEGIN
  [1m[36mSQL (1.3ms)[0m  [1mDELETE FROM "answers" WHERE "answers"."id" = $1[0m  [["id", 1004]]
  [1m[35m (2.6ms)[0m  COMMIT
  [1m[36m (0.9ms)[0m  [1mBEGIN[0m
  [1m[35mSQL (1.2ms)[0m  DELETE FROM "answers" WHERE "answers"."id" = $1  [["id", 1005]]
  [1m[36m (3.3ms)[0m  [1mCOMMIT[0m
  [1m[35m (1.0ms)[0m  BEGIN
  [1m[36mSQL (1.5ms)[0m  [1mDELETE FROM "answers" WHERE "answers"."id" = $1[0m  [["id", 1006]]
  [1m[35m (3.0ms)[0m  COMMIT
  [1m[36m (1.5ms)[0m  [1mBEGIN[0m
  [1m[35mSQL (1.1ms)[0m  DELETE FROM "answers" WHERE "answers"."id" = $1  [["id", 1007]]
  [1m[36m (2.8ms)[0m  [1mCOMMIT[0m
  [1m[35m (0.8ms)[0m  BEGIN
  [1m[36mSQL (1.6ms)[0m  [1mDELETE FROM "answers" WHERE "answers"."id" = $1[0m  [["id", 1008]]
  [1m[35m (2.5ms)[0m  COMMIT
  [1m[36m (1.2ms)[0m  [1mBEGIN[0m
  [1m[35mSQL (1.6ms)[0m  DELETE FROM "answers" WHERE "answers"."id" = $1  [["id", 1009]]
  [1m[36m (2.4ms)[0m  [1mCOMMIT[0m
  [1m[35m (1.0ms)[0m  BEGIN
  [1m[36mSQL (1.6ms)[0m  [1mDELETE FROM "answers" WHERE "answers"."id" = $1[0m  [["id", 1010]]
  [1m[35m (3.3ms)[0m  COMMIT
  [1m[36m (2.2ms)[0m  [1mBEGIN[0m
  [1m[35mSQL (1.1ms)[0m  DELETE FROM "answers" WHERE "answers"."id" = $1  [["id", 1011]]
  [1m[36m (3.0ms)[0m  [1mCOMMIT[0m
  [1m[35m (1.4ms)[0m  BEGIN
  [1m[36mSQL (1.8ms)[0m  [1mDELETE FROM "answers" WHERE "answers"."id" = $1[0m  [["id", 1012]]
  [1m[35m (3.1ms)[0m  COMMIT
  [1m[36m (1.7ms)[0m  [1mBEGIN[0m
  [1m[35mSQL (1.4ms)[0m  DELETE FROM "answers" WHERE "answers"."id" = $1  [["id", 1013]]
  [1m[36m (3.4ms)[0m  [1mCOMMIT[0m
  [1m[35m (2.3ms)[0m  BEGIN
  [1m[36mSQL (1.5ms)[0m  [1mDELETE FROM "answers" WHERE "answers"."id" = $1[0m  [["id", 1014]]
  [1m[35m (3.1ms)[0m  COMMIT
  [1m[36m (1.2ms)[0m  [1mBEGIN[0m
  [1m[35mSQL (1.8ms)[0m  DELETE FROM "answers" WHERE "answers"."id" = $1  [["id", 1015]]
  [1m[36m (3.1ms)[0m  [1mCOMMIT[0m
  [1m[35m (0.9ms)[0m  BEGIN
  [1m[36mSQL (1.2ms)[0m  [1mDELETE FROM "answers" WHERE "answers"."id" = $1[0m  [["id", 1016]]
  [1m[35m (3.5ms)[0m  COMMIT
  [1m[36m (0.8ms)[0m  [1mBEGIN[0m
  [1m[35mSQL (1.2ms)[0m  DELETE FROM "answers" WHERE "answers"."id" = $1  [["id", 1017]]
  [1m[36m (3.4ms)[0m  [1mCOMMIT[0m
  [1m[35m (1.6ms)[0m  BEGIN
  [1m[36mSQL (2.2ms)[0m  [1mDELETE FROM "answers" WHERE "answers"."id" = $1[0m  [["id", 1018]]
  [1m[35m (4.6ms)[0m  COMMIT
  [1m[36m (2.0ms)[0m  [1mBEGIN[0m
  [1m[35mSQL (1.0ms)[0m  DELETE FROM "answers" WHERE "answers"."id" = $1  [["id", 1019]]
  [1m[36m (2.7ms)[0m  [1mCOMMIT[0m
  [1m[35m (0.9ms)[0m  BEGIN
  [1m[36mSQL (0.8ms)[0m  [1mDELETE FROM "answers" WHERE "answers"."id" = $1[0m  [["id", 1020]]
  [1m[35m (2.4ms)[0m  COMMIT
  [1m[36m (1.6ms)[0m  [1mBEGIN[0m
  [1m[35mSQL (1.6ms)[0m  DELETE FROM "answers" WHERE "answers"."id" = $1  [["id", 1021]]
  [1m[36m (2.5ms)[0m  [1mCOMMIT[0m
  [1m[35m (1.2ms)[0m  BEGIN
  [1m[36mSQL (1.0ms)[0m  [1mDELETE FROM "answers" WHERE "answers"."id" = $1[0m  [["id", 1022]]
  [1m[35m (3.2ms)[0m  COMMIT
  [1m[36m (0.8ms)[0m  [1mBEGIN[0m
  [1m[35mSQL (1.5ms)[0m  DELETE FROM "answers" WHERE "answers"."id" = $1  [["id", 1023]]
  [1m[36m (3.5ms)[0m  [1mCOMMIT[0m
  [1m[35m (1.0ms)[0m  BEGIN
  [1m[36mSQL (2.2ms)[0m  [1mDELETE FROM "answers" WHERE "answers"."id" = $1[0m  [["id", 1024]]
  [1m[35m (3.7ms)[0m  COMMIT
  [1m[36m (1.2ms)[0m  [1mBEGIN[0m
  [1m[35mSQL (0.9ms)[0m  DELETE FROM "answers" WHERE "answers"."id" = $1  [["id", 1025]]
  [1m[36m (2.5ms)[0m  [1mCOMMIT[0m
  [1m[35m (0.8ms)[0m  BEGIN
  [1m[36mSQL (1.0ms)[0m  [1mDELETE FROM "answers" WHERE "answers"."id" = $1[0m  [["id", 1026]]
  [1m[35m (2.8ms)[0m  COMMIT
  [1m[36m (2.1ms)[0m  [1mBEGIN[0m
  [1m[35mSQL (0.9ms)[0m  DELETE FROM "answers" WHERE "answers"."id" = $1  [["id", 1027]]
  [1m[36m (3.2ms)[0m  [1mCOMMIT[0m
  [1m[35m (1.2ms)[0m  BEGIN
  [1m[36mSQL (0.9ms)[0m  [1mDELETE FROM "answers" WHERE "answers"."id" = $1[0m  [["id", 1028]]
  [1m[35m (2.7ms)[0m  COMMIT
  [1m[36m (1.7ms)[0m  [1mBEGIN[0m
  [1m[35mSQL (1.7ms)[0m  DELETE FROM "answers" WHERE "answers"."id" = $1  [["id", 1029]]
  [1m[36m (3.6ms)[0m  [1mCOMMIT[0m
  [1m[35m (0.8ms)[0m  BEGIN
  [1m[36mSQL (0.9ms)[0m  [1mDELETE FROM "answers" WHERE "answers"."id" = $1[0m  [["id", 1030]]
  [1m[35m (3.0ms)[0m  COMMIT
  [1m[36m (1.5ms)[0m  [1mBEGIN[0m
  [1m[35mSQL (0.8ms)[0m  DELETE FROM "answers" WHERE "answers"."id" = $1  [["id", 1031]]
  [1m[36m (3.0ms)[0m  [1mCOMMIT[0m
  [1m[35m (0.8ms)[0m  BEGIN
  [1m[36mSQL (1.2ms)[0m  [1mDELETE FROM "answers" WHERE "answers"."id" = $1[0m  [["id", 1032]]
  [1m[35m (3.5ms)[0m  COMMIT
  [1m[36m (1.4ms)[0m  [1mBEGIN[0m
  [1m[35mSQL (1.1ms)[0m  DELETE FROM "answers" WHERE "answers"."id" = $1  [["id", 1033]]
  [1m[36m (2.8ms)[0m  [1mCOMMIT[0m
  [1m[35m (0.8ms)[0m  BEGIN
  [1m[36mSQL (1.0ms)[0m  [1mDELETE FROM "answers" WHERE "answers"."id" = $1[0m  [["id", 1034]]
  [1m[35m (3.1ms)[0m  COMMIT
  [1m[36m (1.3ms)[0m  [1mBEGIN[0m
  [1m[35mSQL (1.7ms)[0m  DELETE FROM "answers" WHERE "answers"."id" = $1  [["id", 1035]]
  [1m[36m (3.2ms)[0m  [1mCOMMIT[0m
  [1m[35m (1.1ms)[0m  BEGIN
  [1m[36mSQL (1.8ms)[0m  [1mDELETE FROM "answers" WHERE "answers"."id" = $1[0m  [["id", 1036]]
  [1m[35m (2.9ms)[0m  COMMIT
  [1m[36m (0.7ms)[0m  [1mBEGIN[0m
  [1m[35mSQL (2.0ms)[0m  DELETE FROM "answers" WHERE "answers"."id" = $1  [["id", 1037]]
  [1m[36m (4.1ms)[0m  [1mCOMMIT[0m
  [1m[35m (1.3ms)[0m  BEGIN
  [1m[36mSQL (2.2ms)[0m  [1mDELETE FROM "answers" WHERE "answers"."id" = $1[0m  [["id", 1038]]
  [1m[35m (3.2ms)[0m  COMMIT
  [1m[36m (1.5ms)[0m  [1mBEGIN[0m
  [1m[35mSQL (1.4ms)[0m  DELETE FROM "answers" WHERE "answers"."id" = $1  [["id", 1039]]
  [1m[36m (3.3ms)[0m  [1mCOMMIT[0m
  [1m[35m (1.1ms)[0m  BEGIN
  [1m[36mSQL (2.3ms)[0m  [1mDELETE FROM "answers" WHERE "answers"."id" = $1[0m  [["id", 1040]]
  [1m[35m (3.0ms)[0m  COMMIT
  [1m[36m (1.4ms)[0m  [1mBEGIN[0m
  [1m[35mSQL (1.2ms)[0m  DELETE FROM "answers" WHERE "answers"."id" = $1  [["id", 1041]]
  [1m[36m (3.4ms)[0m  [1mCOMMIT[0m
  [1m[35m (1.7ms)[0m  BEGIN
  [1m[36mSQL (1.9ms)[0m  [1mDELETE FROM "answers" WHERE "answers"."id" = $1[0m  [["id", 1042]]
  [1m[35m (3.1ms)[0m  COMMIT
  [1m[36m (1.1ms)[0m  [1mBEGIN[0m
  [1m[35mSQL (1.5ms)[0m  DELETE FROM "answers" WHERE "answers"."id" = $1  [["id", 1043]]
  [1m[36m (3.2ms)[0m  [1mCOMMIT[0m
  [1m[35m (1.5ms)[0m  BEGIN
  [1m[36mSQL (0.9ms)[0m  [1mDELETE FROM "answers" WHERE "answers"."id" = $1[0m  [["id", 1044]]
  [1m[35m (2.8ms)[0m  COMMIT
  [1m[36m (0.8ms)[0m  [1mBEGIN[0m
  [1m[35mSQL (1.3ms)[0m  DELETE FROM "answers" WHERE "answers"."id" = $1  [["id", 1045]]
  [1m[36m (2.8ms)[0m  [1mCOMMIT[0m
  [1m[35m (1.2ms)[0m  BEGIN
  [1m[36mSQL (1.6ms)[0m  [1mDELETE FROM "answers" WHERE "answers"."id" = $1[0m  [["id", 1046]]
  [1m[35m (3.1ms)[0m  COMMIT
  [1m[36m (1.1ms)[0m  [1mBEGIN[0m
  [1m[35mSQL (1.8ms)[0m  DELETE FROM "answers" WHERE "answers"."id" = $1  [["id", 1047]]
  [1m[36m (3.1ms)[0m  [1mCOMMIT[0m
  [1m[35m (1.4ms)[0m  BEGIN
  [1m[36mSQL (1.9ms)[0m  [1mDELETE FROM "answers" WHERE "answers"."id" = $1[0m  [["id", 1048]]
  [1m[35m (3.3ms)[0m  COMMIT
  [1m[36m (1.5ms)[0m  [1mBEGIN[0m
  [1m[35mSQL (2.0ms)[0m  DELETE FROM "answers" WHERE "answers"."id" = $1  [["id", 1049]]
  [1m[36m (3.5ms)[0m  [1mCOMMIT[0m
  [1m[35m (1.1ms)[0m  BEGIN
  [1m[36mSQL (2.0ms)[0m  [1mDELETE FROM "answers" WHERE "answers"."id" = $1[0m  [["id", 1050]]
  [1m[35m (4.0ms)[0m  COMMIT
  [1m[36m (1.6ms)[0m  [1mBEGIN[0m
  [1m[35mSQL (1.0ms)[0m  DELETE FROM "answers" WHERE "answers"."id" = $1  [["id", 1051]]
  [1m[36m (2.4ms)[0m  [1mCOMMIT[0m
  [1m[35m (0.8ms)[0m  BEGIN
  [1m[36mSQL (1.6ms)[0m  [1mDELETE FROM "answers" WHERE "answers"."id" = $1[0m  [["id", 1052]]
  [1m[35m (5.3ms)[0m  COMMIT
  [1m[36m (2.1ms)[0m  [1mBEGIN[0m
  [1m[35mSQL (2.1ms)[0m  DELETE FROM "answers" WHERE "answers"."id" = $1  [["id", 1053]]
  [1m[36m (4.0ms)[0m  [1mCOMMIT[0m
  [1m[35m (1.2ms)[0m  BEGIN
  [1m[36mSQL (1.3ms)[0m  [1mDELETE FROM "answers" WHERE "answers"."id" = $1[0m  [["id", 1054]]
  [1m[35m (2.7ms)[0m  COMMIT
  [1m[36m (0.9ms)[0m  [1mBEGIN[0m
  [1m[35mSQL (1.0ms)[0m  DELETE FROM "answers" WHERE "answers"."id" = $1  [["id", 1055]]
  [1m[36m (2.9ms)[0m  [1mCOMMIT[0m
  [1m[35m (1.9ms)[0m  BEGIN
  [1m[36mSQL (1.0ms)[0m  [1mDELETE FROM "answers" WHERE "answers"."id" = $1[0m  [["id", 1056]]
  [1m[35m (3.6ms)[0m  COMMIT
  [1m[36m (1.2ms)[0m  [1mBEGIN[0m
  [1m[35mSQL (1.5ms)[0m  DELETE FROM "answers" WHERE "answers"."id" = $1  [["id", 1057]]
  [1m[36m (2.7ms)[0m  [1mCOMMIT[0m
  [1m[35m (0.9ms)[0m  BEGIN
  [1m[36mSQL (1.2ms)[0m  [1mDELETE FROM "answers" WHERE "answers"."id" = $1[0m  [["id", 1058]]
  [1m[35m (3.5ms)[0m  COMMIT
  [1m[36m (1.5ms)[0m  [1mBEGIN[0m
  [1m[35mSQL (1.9ms)[0m  DELETE FROM "answers" WHERE "answers"."id" = $1  [["id", 1059]]
  [1m[36m (3.4ms)[0m  [1mCOMMIT[0m
  [1m[35m (1.5ms)[0m  BEGIN
  [1m[36mSQL (0.8ms)[0m  [1mDELETE FROM "answers" WHERE "answers"."id" = $1[0m  [["id", 1060]]
  [1m[35m (3.1ms)[0m  COMMIT
  [1m[36m (1.0ms)[0m  [1mBEGIN[0m
  [1m[35mSQL (2.2ms)[0m  DELETE FROM "answers" WHERE "answers"."id" = $1  [["id", 1061]]
  [1m[36m (4.2ms)[0m  [1mCOMMIT[0m
  [1m[35m (1.2ms)[0m  BEGIN
  [1m[36mSQL (2.0ms)[0m  [1mDELETE FROM "answers" WHERE "answers"."id" = $1[0m  [["id", 1062]]
  [1m[35m (3.0ms)[0m  COMMIT
  [1m[36m (1.4ms)[0m  [1mBEGIN[0m
  [1m[35mSQL (2.7ms)[0m  DELETE FROM "answers" WHERE "answers"."id" = $1  [["id", 1063]]
  [1m[36m (3.7ms)[0m  [1mCOMMIT[0m
  [1m[35m (0.4ms)[0m  BEGIN
  [1m[36mSQL (1.2ms)[0m  [1mDELETE FROM "answers" WHERE "answers"."id" = $1[0m  [["id", 1064]]
  [1m[35m (3.4ms)[0m  COMMIT
  [1m[36m (1.9ms)[0m  [1mBEGIN[0m
  [1m[35mSQL (1.1ms)[0m  DELETE FROM "answers" WHERE "answers"."id" = $1  [["id", 1065]]
  [1m[36m (3.1ms)[0m  [1mCOMMIT[0m
  [1m[35m (1.0ms)[0m  BEGIN
  [1m[36mSQL (1.8ms)[0m  [1mDELETE FROM "answers" WHERE "answers"."id" = $1[0m  [["id", 1066]]
  [1m[35m (3.5ms)[0m  COMMIT
  [1m[36m (1.1ms)[0m  [1mBEGIN[0m
  [1m[35mSQL (1.9ms)[0m  DELETE FROM "answers" WHERE "answers"."id" = $1  [["id", 1067]]
  [1m[36m (3.0ms)[0m  [1mCOMMIT[0m
  [1m[35m (1.1ms)[0m  BEGIN
  [1m[36mSQL (0.9ms)[0m  [1mDELETE FROM "answers" WHERE "answers"."id" = $1[0m  [["id", 1068]]
  [1m[35m (2.8ms)[0m  COMMIT
  [1m[36m (1.2ms)[0m  [1mBEGIN[0m
  [1m[35mSQL (1.4ms)[0m  DELETE FROM "answers" WHERE "answers"."id" = $1  [["id", 1069]]
  [1m[36m (3.3ms)[0m  [1mCOMMIT[0m
  [1m[35m (1.7ms)[0m  BEGIN
  [1m[36mSQL (1.3ms)[0m  [1mDELETE FROM "answers" WHERE "answers"."id" = $1[0m  [["id", 1070]]
  [1m[35m (3.0ms)[0m  COMMIT
  [1m[36m (0.7ms)[0m  [1mBEGIN[0m
  [1m[35mSQL (1.0ms)[0m  DELETE FROM "answers" WHERE "answers"."id" = $1  [["id", 1071]]
  [1m[36m (2.9ms)[0m  [1mCOMMIT[0m
  [1m[35m (2.4ms)[0m  BEGIN
  [1m[36mSQL (1.4ms)[0m  [1mDELETE FROM "answers" WHERE "answers"."id" = $1[0m  [["id", 1072]]
  [1m[35m (3.3ms)[0m  COMMIT
  [1m[36m (1.4ms)[0m  [1mBEGIN[0m
  [1m[35mSQL (0.5ms)[0m  DELETE FROM "answers" WHERE "answers"."id" = $1  [["id", 1073]]
  [1m[36m (2.9ms)[0m  [1mCOMMIT[0m
  [1m[35m (1.8ms)[0m  BEGIN
  [1m[36mSQL (1.0ms)[0m  [1mDELETE FROM "answers" WHERE "answers"."id" = $1[0m  [["id", 1074]]
  [1m[35m (3.4ms)[0m  COMMIT
  [1m[36m (2.1ms)[0m  [1mBEGIN[0m
  [1m[35mSQL (2.4ms)[0m  DELETE FROM "answers" WHERE "answers"."id" = $1  [["id", 1075]]
  [1m[36m (2.6ms)[0m  [1mCOMMIT[0m
  [1m[35m (1.3ms)[0m  BEGIN
  [1m[36mSQL (1.4ms)[0m  [1mDELETE FROM "answers" WHERE "answers"."id" = $1[0m  [["id", 1076]]
  [1m[35m (2.4ms)[0m  COMMIT
  [1m[36m (0.5ms)[0m  [1mBEGIN[0m
  [1m[35mSQL (1.3ms)[0m  DELETE FROM "answers" WHERE "answers"."id" = $1  [["id", 1077]]
  [1m[36m (3.1ms)[0m  [1mCOMMIT[0m
  [1m[35m (1.5ms)[0m  BEGIN
  [1m[36mSQL (2.0ms)[0m  [1mDELETE FROM "answers" WHERE "answers"."id" = $1[0m  [["id", 1078]]
  [1m[35m (3.7ms)[0m  COMMIT
  [1m[36m (0.8ms)[0m  [1mBEGIN[0m
  [1m[35mSQL (1.0ms)[0m  DELETE FROM "answers" WHERE "answers"."id" = $1  [["id", 1079]]
  [1m[36m (3.1ms)[0m  [1mCOMMIT[0m
  [1m[35m (1.5ms)[0m  BEGIN
  [1m[36mSQL (2.4ms)[0m  [1mDELETE FROM "answers" WHERE "answers"."id" = $1[0m  [["id", 1080]]
  [1m[35m (2.8ms)[0m  COMMIT
  [1m[36m (1.7ms)[0m  [1mBEGIN[0m
  [1m[35mSQL (1.3ms)[0m  DELETE FROM "answers" WHERE "answers"."id" = $1  [["id", 1081]]
  [1m[36m (2.8ms)[0m  [1mCOMMIT[0m
  [1m[35m (0.9ms)[0m  BEGIN
  [1m[36mSQL (0.8ms)[0m  [1mDELETE FROM "answers" WHERE "answers"."id" = $1[0m  [["id", 1082]]
  [1m[35m (2.7ms)[0m  COMMIT
  [1m[36m (1.3ms)[0m  [1mBEGIN[0m
  [1m[35mSQL (2.6ms)[0m  DELETE FROM "answers" WHERE "answers"."id" = $1  [["id", 1083]]
  [1m[36m (2.8ms)[0m  [1mCOMMIT[0m
  [1m[35m (1.0ms)[0m  BEGIN
  [1m[36mSQL (1.6ms)[0m  [1mDELETE FROM "answers" WHERE "answers"."id" = $1[0m  [["id", 1084]]
  [1m[35m (2.7ms)[0m  COMMIT
  [1m[36m (1.1ms)[0m  [1mBEGIN[0m
  [1m[35mSQL (1.2ms)[0m  DELETE FROM "answers" WHERE "answers"."id" = $1  [["id", 1085]]
  [1m[36m (3.9ms)[0m  [1mCOMMIT[0m
  [1m[35m (0.8ms)[0m  BEGIN
  [1m[36mSQL (0.9ms)[0m  [1mDELETE FROM "answers" WHERE "answers"."id" = $1[0m  [["id", 1086]]
  [1m[35m (2.9ms)[0m  COMMIT
  [1m[36m (0.9ms)[0m  [1mBEGIN[0m
  [1m[35mSQL (1.1ms)[0m  DELETE FROM "answers" WHERE "answers"."id" = $1  [["id", 1087]]
  [1m[36m (2.8ms)[0m  [1mCOMMIT[0m
  [1m[35m (1.2ms)[0m  BEGIN
  [1m[36mSQL (1.7ms)[0m  [1mDELETE FROM "answers" WHERE "answers"."id" = $1[0m  [["id", 1088]]
  [1m[35m (3.8ms)[0m  COMMIT
  [1m[36m (1.4ms)[0m  [1mBEGIN[0m
  [1m[35mSQL (1.1ms)[0m  DELETE FROM "answers" WHERE "answers"."id" = $1  [["id", 1089]]
  [1m[36m (2.7ms)[0m  [1mCOMMIT[0m
  [1m[35m (1.6ms)[0m  BEGIN
  [1m[36mSQL (1.6ms)[0m  [1mDELETE FROM "answers" WHERE "answers"."id" = $1[0m  [["id", 1090]]
  [1m[35m (3.0ms)[0m  COMMIT
  [1m[36m (1.0ms)[0m  [1mBEGIN[0m
  [1m[35mSQL (1.6ms)[0m  DELETE FROM "answers" WHERE "answers"."id" = $1  [["id", 1091]]
  [1m[36m (2.6ms)[0m  [1mCOMMIT[0m
  [1m[35m (1.7ms)[0m  BEGIN
  [1m[36mSQL (1.4ms)[0m  [1mDELETE FROM "answers" WHERE "answers"."id" = $1[0m  [["id", 1092]]
  [1m[35m (2.6ms)[0m  COMMIT
  [1m[36m (1.6ms)[0m  [1mBEGIN[0m
  [1m[35mSQL (0.7ms)[0m  DELETE FROM "answers" WHERE "answers"."id" = $1  [["id", 1093]]
  [1m[36m (3.4ms)[0m  [1mCOMMIT[0m
  [1m[35m (0.6ms)[0m  BEGIN
  [1m[36mSQL (1.6ms)[0m  [1mDELETE FROM "answers" WHERE "answers"."id" = $1[0m  [["id", 1094]]
  [1m[35m (2.9ms)[0m  COMMIT
  [1m[36m (0.7ms)[0m  [1mBEGIN[0m
  [1m[35mSQL (0.8ms)[0m  DELETE FROM "answers" WHERE "answers"."id" = $1  [["id", 1095]]
  [1m[36m (3.5ms)[0m  [1mCOMMIT[0m
  [1m[35m (1.6ms)[0m  BEGIN
  [1m[36mSQL (2.4ms)[0m  [1mDELETE FROM "answers" WHERE "answers"."id" = $1[0m  [["id", 1096]]
  [1m[35m (3.5ms)[0m  COMMIT
  [1m[36m (1.2ms)[0m  [1mBEGIN[0m
  [1m[35mSQL (0.8ms)[0m  DELETE FROM "answers" WHERE "answers"."id" = $1  [["id", 1097]]
  [1m[36m (2.7ms)[0m  [1mCOMMIT[0m
  [1m[35m (1.6ms)[0m  BEGIN
  [1m[36mSQL (2.3ms)[0m  [1mDELETE FROM "answers" WHERE "answers"."id" = $1[0m  [["id", 1098]]
  [1m[35m (3.2ms)[0m  COMMIT
  [1m[36m (1.1ms)[0m  [1mBEGIN[0m
  [1m[35mSQL (1.4ms)[0m  DELETE FROM "answers" WHERE "answers"."id" = $1  [["id", 1099]]
  [1m[36m (2.7ms)[0m  [1mCOMMIT[0m
  [1m[35m (0.6ms)[0m  BEGIN
  [1m[36mSQL (1.9ms)[0m  [1mDELETE FROM "answers" WHERE "answers"."id" = $1[0m  [["id", 1100]]
  [1m[35m (2.4ms)[0m  COMMIT
  [1m[36m (1.5ms)[0m  [1mBEGIN[0m
  [1m[35mSQL (1.0ms)[0m  DELETE FROM "answers" WHERE "answers"."id" = $1  [["id", 1101]]
  [1m[36m (3.2ms)[0m  [1mCOMMIT[0m
  [1m[35m (1.7ms)[0m  BEGIN
  [1m[36mSQL (1.3ms)[0m  [1mDELETE FROM "answers" WHERE "answers"."id" = $1[0m  [["id", 1102]]
  [1m[35m (2.9ms)[0m  COMMIT
  [1m[36m (1.0ms)[0m  [1mBEGIN[0m
  [1m[35mSQL (2.1ms)[0m  DELETE FROM "answers" WHERE "answers"."id" = $1  [["id", 1103]]
  [1m[36m (2.4ms)[0m  [1mCOMMIT[0m
  [1m[35m (0.7ms)[0m  BEGIN
  [1m[36mSQL (3.4ms)[0m  [1mDELETE FROM "answers" WHERE "answers"."id" = $1[0m  [["id", 1104]]
  [1m[35m (4.1ms)[0m  COMMIT
  [1m[36m (1.6ms)[0m  [1mBEGIN[0m
  [1m[35mSQL (1.6ms)[0m  DELETE FROM "answers" WHERE "answers"."id" = $1  [["id", 1105]]
  [1m[36m (2.7ms)[0m  [1mCOMMIT[0m
  [1m[35m (0.9ms)[0m  BEGIN
  [1m[36mSQL (0.8ms)[0m  [1mDELETE FROM "answers" WHERE "answers"."id" = $1[0m  [["id", 1106]]
  [1m[35m (2.9ms)[0m  COMMIT
  [1m[36m (0.8ms)[0m  [1mBEGIN[0m
  [1m[35mSQL (1.2ms)[0m  DELETE FROM "answers" WHERE "answers"."id" = $1  [["id", 1107]]
  [1m[36m (3.7ms)[0m  [1mCOMMIT[0m
  [1m[35m (0.7ms)[0m  BEGIN
  [1m[36mSQL (1.3ms)[0m  [1mDELETE FROM "answers" WHERE "answers"."id" = $1[0m  [["id", 1108]]
  [1m[35m (2.6ms)[0m  COMMIT
  [1m[36m (1.5ms)[0m  [1mBEGIN[0m
  [1m[35mSQL (1.4ms)[0m  DELETE FROM "answers" WHERE "answers"."id" = $1  [["id", 1109]]
  [1m[36m (3.0ms)[0m  [1mCOMMIT[0m
  [1m[35m (1.6ms)[0m  BEGIN
  [1m[36mSQL (1.7ms)[0m  [1mDELETE FROM "answers" WHERE "answers"."id" = $1[0m  [["id", 1110]]
  [1m[35m (3.2ms)[0m  COMMIT
  [1m[36m (1.6ms)[0m  [1mBEGIN[0m
  [1m[35mSQL (0.9ms)[0m  DELETE FROM "answers" WHERE "answers"."id" = $1  [["id", 1111]]
  [1m[36m (3.2ms)[0m  [1mCOMMIT[0m
  [1m[35m (1.3ms)[0m  BEGIN
  [1m[36mSQL (1.5ms)[0m  [1mDELETE FROM "answers" WHERE "answers"."id" = $1[0m  [["id", 1112]]
  [1m[35m (3.1ms)[0m  COMMIT
  [1m[36m (0.8ms)[0m  [1mBEGIN[0m
  [1m[35mSQL (1.1ms)[0m  DELETE FROM "answers" WHERE "answers"."id" = $1  [["id", 1113]]
  [1m[36m (2.7ms)[0m  [1mCOMMIT[0m
  [1m[35m (1.0ms)[0m  BEGIN
  [1m[36mSQL (1.0ms)[0m  [1mDELETE FROM "answers" WHERE "answers"."id" = $1[0m  [["id", 1114]]
  [1m[35m (2.4ms)[0m  COMMIT
  [1m[36m (1.4ms)[0m  [1mBEGIN[0m
  [1m[35mSQL (1.7ms)[0m  DELETE FROM "answers" WHERE "answers"."id" = $1  [["id", 1115]]
  [1m[36m (3.5ms)[0m  [1mCOMMIT[0m
  [1m[35m (0.9ms)[0m  BEGIN
  [1m[36mSQL (1.2ms)[0m  [1mDELETE FROM "answers" WHERE "answers"."id" = $1[0m  [["id", 1116]]
  [1m[35m (2.4ms)[0m  COMMIT
  [1m[36m (1.5ms)[0m  [1mBEGIN[0m
  [1m[35mSQL (1.6ms)[0m  DELETE FROM "answers" WHERE "answers"."id" = $1  [["id", 1117]]
  [1m[36m (2.9ms)[0m  [1mCOMMIT[0m
  [1m[35m (1.5ms)[0m  BEGIN
  [1m[36mSQL (1.2ms)[0m  [1mDELETE FROM "answers" WHERE "answers"."id" = $1[0m  [["id", 1118]]
  [1m[35m (2.7ms)[0m  COMMIT
  [1m[36m (1.5ms)[0m  [1mBEGIN[0m
  [1m[35mSQL (1.7ms)[0m  DELETE FROM "answers" WHERE "answers"."id" = $1  [["id", 1119]]
  [1m[36m (2.9ms)[0m  [1mCOMMIT[0m
  [1m[35m (0.9ms)[0m  BEGIN
  [1m[36mSQL (0.8ms)[0m  [1mDELETE FROM "answers" WHERE "answers"."id" = $1[0m  [["id", 1120]]
  [1m[35m (3.1ms)[0m  COMMIT
Completed 500 Internal Server Error in 1884ms

NameError (uninitialized constant ResetController::Users):
  app/controllers/reset_controller.rb:8:in `delete'


  Rendered /home/vagrant/.rbenv/versions/2.1.2/lib/ruby/gems/2.1.0/gems/actionpack-4.1.4/lib/action_dispatch/middleware/templates/rescues/_source.erb (3.2ms)
  Rendered /home/vagrant/.rbenv/versions/2.1.2/lib/ruby/gems/2.1.0/gems/actionpack-4.1.4/lib/action_dispatch/middleware/templates/rescues/_trace.html.erb (5.1ms)
  Rendered /home/vagrant/.rbenv/versions/2.1.2/lib/ruby/gems/2.1.0/gems/actionpack-4.1.4/lib/action_dispatch/middleware/templates/rescues/_request_and_response.html.erb (5.4ms)
  Rendered /home/vagrant/.rbenv/versions/2.1.2/lib/ruby/gems/2.1.0/gems/actionpack-4.1.4/lib/action_dispatch/middleware/templates/rescues/diagnostics.erb within rescues/layout (93.6ms)


Started GET "/reset" for 192.168.100.100 at 2015-10-01 15:29:31 +0200
Processing by ResetController#index as HTML
  Rendered reset/index.html.haml within layouts/application (2.1ms)
  [1m[36mAdmin Load (1.5ms)[0m  [1mSELECT  "admins".* FROM "admins"  WHERE "admins"."id" = 1  ORDER BY "admins"."id" ASC LIMIT 1[0m
Completed 200 OK in 607ms (Views: 505.5ms | ActiveRecord: 7.8ms)


Started DELETE "/reset" for 192.168.100.100 at 2015-10-01 15:29:34 +0200
Processing by ResetController#delete as HTML
  Parameters: {"authenticity_token"=>"x5BIIUKgbqbWmiBJLl874VIkdhqNJbCUCJQpsBvW4hw="}
  [1m[35mCorrect Load (0.9ms)[0m  SELECT "corrects".* FROM "corrects"
  [1m[36mAnswer Load (2.1ms)[0m  [1mSELECT "answers".* FROM "answers"[0m
  [1m[35mSQL (5.8ms)[0m  UPDATE "users" SET "used" = 'f'
Completed 500 Internal Server Error in 52ms

NameError (uninitialized constant ResetController::CSV):
  app/controllers/reset_controller.rb:12:in `delete'


  Rendered /home/vagrant/.rbenv/versions/2.1.2/lib/ruby/gems/2.1.0/gems/actionpack-4.1.4/lib/action_dispatch/middleware/templates/rescues/_source.erb (1.7ms)
  Rendered /home/vagrant/.rbenv/versions/2.1.2/lib/ruby/gems/2.1.0/gems/actionpack-4.1.4/lib/action_dispatch/middleware/templates/rescues/_trace.html.erb (3.6ms)
  Rendered /home/vagrant/.rbenv/versions/2.1.2/lib/ruby/gems/2.1.0/gems/actionpack-4.1.4/lib/action_dispatch/middleware/templates/rescues/_request_and_response.html.erb (3.9ms)
  Rendered /home/vagrant/.rbenv/versions/2.1.2/lib/ruby/gems/2.1.0/gems/actionpack-4.1.4/lib/action_dispatch/middleware/templates/rescues/diagnostics.erb within rescues/layout (34.5ms)


Started DELETE "/reset" for 192.168.100.100 at 2015-10-01 15:32:50 +0200
Processing by ResetController#delete as HTML
  Parameters: {"authenticity_token"=>"x5BIIUKgbqbWmiBJLl874VIkdhqNJbCUCJQpsBvW4hw="}
  [1m[36mCorrect Load (0.8ms)[0m  [1mSELECT "corrects".* FROM "corrects"[0m
  [1m[35mAnswer Load (1.7ms)[0m  SELECT "answers".* FROM "answers"
  [1m[36mSQL (4.1ms)[0m  [1mUPDATE "users" SET "used" = 'f'[0m
Completed 500 Internal Server Error in 52ms

URI::InvalidURIError (bad URI(is not URI?): ["http://ec2-52-89-190-45.us-west-2.compute.amazonaws.com:3000/login"]):
  app/controllers/reset_controller.rb:14:in `block in delete'
  app/controllers/reset_controller.rb:13:in `delete'


  Rendered /home/vagrant/.rbenv/versions/2.1.2/lib/ruby/gems/2.1.0/gems/actionpack-4.1.4/lib/action_dispatch/middleware/templates/rescues/_source.erb (3.3ms)
  Rendered /home/vagrant/.rbenv/versions/2.1.2/lib/ruby/gems/2.1.0/gems/actionpack-4.1.4/lib/action_dispatch/middleware/templates/rescues/_trace.html.erb (8.2ms)
  Rendered /home/vagrant/.rbenv/versions/2.1.2/lib/ruby/gems/2.1.0/gems/actionpack-4.1.4/lib/action_dispatch/middleware/templates/rescues/_request_and_response.html.erb (5.0ms)
  Rendered /home/vagrant/.rbenv/versions/2.1.2/lib/ruby/gems/2.1.0/gems/actionpack-4.1.4/lib/action_dispatch/middleware/templates/rescues/diagnostics.erb within rescues/layout (68.4ms)


Started DELETE "/reset" for 192.168.100.100 at 2015-10-01 15:35:13 +0200
Processing by ResetController#delete as HTML
  Parameters: {"authenticity_token"=>"x5BIIUKgbqbWmiBJLl874VIkdhqNJbCUCJQpsBvW4hw="}
  [1m[35mCorrect Load (1.8ms)[0m  SELECT "corrects".* FROM "corrects"
  [1m[36mAnswer Load (1.9ms)[0m  [1mSELECT "answers".* FROM "answers"[0m
  [1m[35mSQL (8.0ms)[0m  UPDATE "users" SET "used" = 'f'
Completed 500 Internal Server Error in 34ms

URI::InvalidURIError (bad URI(is not URI?): ["http://www.google.com"]):
  app/controllers/reset_controller.rb:14:in `block in delete'
  app/controllers/reset_controller.rb:13:in `delete'


  Rendered /home/vagrant/.rbenv/versions/2.1.2/lib/ruby/gems/2.1.0/gems/actionpack-4.1.4/lib/action_dispatch/middleware/templates/rescues/_source.erb (3.6ms)
  Rendered /home/vagrant/.rbenv/versions/2.1.2/lib/ruby/gems/2.1.0/gems/actionpack-4.1.4/lib/action_dispatch/middleware/templates/rescues/_trace.html.erb (5.4ms)
  Rendered /home/vagrant/.rbenv/versions/2.1.2/lib/ruby/gems/2.1.0/gems/actionpack-4.1.4/lib/action_dispatch/middleware/templates/rescues/_request_and_response.html.erb (6.9ms)
  Rendered /home/vagrant/.rbenv/versions/2.1.2/lib/ruby/gems/2.1.0/gems/actionpack-4.1.4/lib/action_dispatch/middleware/templates/rescues/diagnostics.erb within rescues/layout (68.5ms)


Started DELETE "/reset" for 192.168.100.100 at 2015-10-01 15:37:28 +0200
Processing by ResetController#delete as HTML
  Parameters: {"authenticity_token"=>"x5BIIUKgbqbWmiBJLl874VIkdhqNJbCUCJQpsBvW4hw="}
  [1m[36mCorrect Load (1.1ms)[0m  [1mSELECT "corrects".* FROM "corrects"[0m
  [1m[35mAnswer Load (1.5ms)[0m  SELECT "answers".* FROM "answers"
  [1m[36mSQL (4.0ms)[0m  [1mUPDATE "users" SET "used" = 'f'[0m
Completed 500 Internal Server Error in 672ms

ActionView::MissingTemplate (Missing template reset/delete, application/delete with {:locale=>[:ja], :formats=>[:html], :variants=>[], :handlers=>[:erb, :builder, :raw, :ruby, :coffee, :haml, :jbuilder]}. Searched in:
  * "/home/vagrant/work/ruby/jjy_management/app/views"
  * "/home/vagrant/.rbenv/versions/2.1.2/lib/ruby/gems/2.1.0/gems/kaminari-0.16.3/app/views"
  * "/home/vagrant/.rbenv/versions/2.1.2/lib/ruby/gems/2.1.0/gems/devise-3.5.2/app/views"
):
  actionview (4.1.4) lib/action_view/path_set.rb:46:in `find'
  actionview (4.1.4) lib/action_view/lookup_context.rb:124:in `find'
  actionview (4.1.4) lib/action_view/renderer/abstract_renderer.rb:18:in `find_template'
  actionview (4.1.4) lib/action_view/renderer/template_renderer.rb:41:in `determine_template'
  actionview (4.1.4) lib/action_view/renderer/template_renderer.rb:8:in `render'
  actionview (4.1.4) lib/action_view/renderer/renderer.rb:42:in `render_template'
  actionview (4.1.4) lib/action_view/renderer/renderer.rb:23:in `render'
  actionview (4.1.4) lib/action_view/rendering.rb:99:in `_render_template'
  actionpack (4.1.4) lib/action_controller/metal/streaming.rb:217:in `_render_template'
  actionview (4.1.4) lib/action_view/rendering.rb:82:in `render_to_body'
  actionpack (4.1.4) lib/action_controller/metal/rendering.rb:32:in `render_to_body'
  actionpack (4.1.4) lib/action_controller/metal/renderers.rb:32:in `render_to_body'
  actionpack (4.1.4) lib/abstract_controller/rendering.rb:25:in `render'
  actionpack (4.1.4) lib/action_controller/metal/rendering.rb:16:in `render'
  actionpack (4.1.4) lib/action_controller/metal/instrumentation.rb:41:in `block (2 levels) in render'
  activesupport (4.1.4) lib/active_support/core_ext/benchmark.rb:12:in `block in ms'
  /home/vagrant/.rbenv/versions/2.1.2/lib/ruby/2.1.0/benchmark.rb:294:in `realtime'
  activesupport (4.1.4) lib/active_support/core_ext/benchmark.rb:12:in `ms'
  actionpack (4.1.4) lib/action_controller/metal/instrumentation.rb:41:in `block in render'
  actionpack (4.1.4) lib/action_controller/metal/instrumentation.rb:84:in `cleanup_view_runtime'
  activerecord (4.1.4) lib/active_record/railties/controller_runtime.rb:25:in `cleanup_view_runtime'
  actionpack (4.1.4) lib/action_controller/metal/instrumentation.rb:40:in `render'
  actionpack (4.1.4) lib/action_controller/metal/implicit_render.rb:10:in `default_render'
  actionpack (4.1.4) lib/action_controller/metal/implicit_render.rb:5:in `send_action'
  actionpack (4.1.4) lib/abstract_controller/base.rb:189:in `process_action'
  actionpack (4.1.4) lib/action_controller/metal/rendering.rb:10:in `process_action'
  actionpack (4.1.4) lib/abstract_controller/callbacks.rb:20:in `block in process_action'
  activesupport (4.1.4) lib/active_support/callbacks.rb:113:in `call'
  activesupport (4.1.4) lib/active_support/callbacks.rb:113:in `call'
  activesupport (4.1.4) lib/active_support/callbacks.rb:166:in `block in halting'
  activesupport (4.1.4) lib/active_support/callbacks.rb:287:in `call'
  activesupport (4.1.4) lib/active_support/callbacks.rb:287:in `block in halting_and_conditional'
  activesupport (4.1.4) lib/active_support/callbacks.rb:229:in `call'
  activesupport (4.1.4) lib/active_support/callbacks.rb:229:in `block in halting'
  activesupport (4.1.4) lib/active_support/callbacks.rb:229:in `call'
  activesupport (4.1.4) lib/active_support/callbacks.rb:229:in `block in halting'
  activesupport (4.1.4) lib/active_support/callbacks.rb:166:in `call'
  activesupport (4.1.4) lib/active_support/callbacks.rb:166:in `block in halting'
  activesupport (4.1.4) lib/active_support/callbacks.rb:166:in `call'
  activesupport (4.1.4) lib/active_support/callbacks.rb:166:in `block in halting'
  activesupport (4.1.4) lib/active_support/callbacks.rb:229:in `call'
  activesupport (4.1.4) lib/active_support/callbacks.rb:229:in `block in halting'
  activesupport (4.1.4) lib/active_support/callbacks.rb:166:in `call'
  activesupport (4.1.4) lib/active_support/callbacks.rb:166:in `block in halting'
  activesupport (4.1.4) lib/active_support/callbacks.rb:166:in `call'
  activesupport (4.1.4) lib/active_support/callbacks.rb:166:in `block in halting'
  activesupport (4.1.4) lib/active_support/callbacks.rb:86:in `call'
  activesupport (4.1.4) lib/active_support/callbacks.rb:86:in `run_callbacks'
  actionpack (4.1.4) lib/abstract_controller/callbacks.rb:19:in `process_action'
  actionpack (4.1.4) lib/action_controller/metal/rescue.rb:29:in `process_action'
  actionpack (4.1.4) lib/action_controller/metal/instrumentation.rb:31:in `block in process_action'
  activesupport (4.1.4) lib/active_support/notifications.rb:159:in `block in instrument'
  activesupport (4.1.4) lib/active_support/notifications/instrumenter.rb:20:in `instrument'
  activesupport (4.1.4) lib/active_support/notifications.rb:159:in `instrument'
  actionpack (4.1.4) lib/action_controller/metal/instrumentation.rb:30:in `process_action'
  actionpack (4.1.4) lib/action_controller/metal/params_wrapper.rb:250:in `process_action'
  activerecord (4.1.4) lib/active_record/railties/controller_runtime.rb:18:in `process_action'
  actionpack (4.1.4) lib/abstract_controller/base.rb:136:in `process'
  actionview (4.1.4) lib/action_view/rendering.rb:30:in `process'
  actionpack (4.1.4) lib/action_controller/metal.rb:196:in `dispatch'
  actionpack (4.1.4) lib/action_controller/metal/rack_delegation.rb:13:in `dispatch'
  actionpack (4.1.4) lib/action_controller/metal.rb:232:in `block in action'
  actionpack (4.1.4) lib/action_dispatch/routing/route_set.rb:82:in `call'
  actionpack (4.1.4) lib/action_dispatch/routing/route_set.rb:82:in `dispatch'
  actionpack (4.1.4) lib/action_dispatch/routing/route_set.rb:50:in `call'
  actionpack (4.1.4) lib/action_dispatch/journey/router.rb:71:in `block in call'
  actionpack (4.1.4) lib/action_dispatch/journey/router.rb:59:in `each'
  actionpack (4.1.4) lib/action_dispatch/journey/router.rb:59:in `call'
  actionpack (4.1.4) lib/action_dispatch/routing/route_set.rb:678:in `call'
  bullet (4.14.7) lib/bullet/rack.rb:10:in `call'
  warden (1.2.3) lib/warden/manager.rb:35:in `block in call'
  warden (1.2.3) lib/warden/manager.rb:34:in `catch'
  warden (1.2.3) lib/warden/manager.rb:34:in `call'
  rack (1.5.5) lib/rack/etag.rb:23:in `call'
  rack (1.5.5) lib/rack/conditionalget.rb:35:in `call'
  rack (1.5.5) lib/rack/head.rb:11:in `call'
  actionpack (4.1.4) lib/action_dispatch/middleware/params_parser.rb:27:in `call'
  actionpack (4.1.4) lib/action_dispatch/middleware/flash.rb:254:in `call'
  rack (1.5.5) lib/rack/session/abstract/id.rb:225:in `context'
  rack (1.5.5) lib/rack/session/abstract/id.rb:220:in `call'
  actionpack (4.1.4) lib/action_dispatch/middleware/cookies.rb:560:in `call'
  activerecord (4.1.4) lib/active_record/query_cache.rb:36:in `call'
  activerecord (4.1.4) lib/active_record/connection_adapters/abstract/connection_pool.rb:621:in `call'
  activerecord (4.1.4) lib/active_record/migration.rb:380:in `call'
  actionpack (4.1.4) lib/action_dispatch/middleware/callbacks.rb:29:in `block in call'
  activesupport (4.1.4) lib/active_support/callbacks.rb:82:in `run_callbacks'
  actionpack (4.1.4) lib/action_dispatch/middleware/callbacks.rb:27:in `call'
  actionpack (4.1.4) lib/action_dispatch/middleware/reloader.rb:73:in `call'
  actionpack (4.1.4) lib/action_dispatch/middleware/remote_ip.rb:76:in `call'
  better_errors (2.1.1) lib/better_errors/middleware.rb:59:in `call'
  actionpack (4.1.4) lib/action_dispatch/middleware/debug_exceptions.rb:17:in `call'
  actionpack (4.1.4) lib/action_dispatch/middleware/show_exceptions.rb:30:in `call'
  railties (4.1.4) lib/rails/rack/logger.rb:38:in `call_app'
  railties (4.1.4) lib/rails/rack/logger.rb:22:in `call'
  quiet_assets (1.1.0) lib/quiet_assets.rb:27:in `call_with_quiet_assets'
  actionpack (4.1.4) lib/action_dispatch/middleware/request_id.rb:21:in `call'
  rack (1.5.5) lib/rack/methodoverride.rb:21:in `call'
  rack (1.5.5) lib/rack/runtime.rb:17:in `call'
  activesupport (4.1.4) lib/active_support/cache/strategy/local_cache_middleware.rb:26:in `call'
  rack (1.5.5) lib/rack/lock.rb:17:in `call'
  actionpack (4.1.4) lib/action_dispatch/middleware/static.rb:64:in `call'
  rack (1.5.5) lib/rack/sendfile.rb:112:in `call'
  railties (4.1.4) lib/rails/engine.rb:514:in `call'
  railties (4.1.4) lib/rails/application.rb:144:in `call'
  rack (1.5.5) lib/rack/content_length.rb:14:in `call'
  thin (1.6.3) lib/thin/connection.rb:86:in `block in pre_process'
  thin (1.6.3) lib/thin/connection.rb:84:in `catch'
  thin (1.6.3) lib/thin/connection.rb:84:in `pre_process'
  thin (1.6.3) lib/thin/connection.rb:53:in `process'
  thin (1.6.3) lib/thin/connection.rb:39:in `receive_data'
  eventmachine (1.0.8) lib/eventmachine.rb:193:in `run_machine'
  eventmachine (1.0.8) lib/eventmachine.rb:193:in `run'
  thin (1.6.3) lib/thin/backends/base.rb:73:in `start'
  thin (1.6.3) lib/thin/server.rb:162:in `start'
  rack (1.5.5) lib/rack/handler/thin.rb:16:in `run'
  rack (1.5.5) lib/rack/server.rb:264:in `start'
  railties (4.1.4) lib/rails/commands/server.rb:69:in `start'
  railties (4.1.4) lib/rails/commands/commands_tasks.rb:81:in `block in server'
  railties (4.1.4) lib/rails/commands/commands_tasks.rb:76:in `tap'
  railties (4.1.4) lib/rails/commands/commands_tasks.rb:76:in `server'
  railties (4.1.4) lib/rails/commands/commands_tasks.rb:40:in `run_command!'
  railties (4.1.4) lib/rails/commands.rb:17:in `<top (required)>'
  bin/rails:8:in `require'
  bin/rails:8:in `<top (required)>'
  spring (1.3.6) lib/spring/client/rails.rb:28:in `load'
  spring (1.3.6) lib/spring/client/rails.rb:28:in `call'
  spring (1.3.6) lib/spring/client/command.rb:7:in `call'
  spring (1.3.6) lib/spring/client.rb:26:in `run'
  spring (1.3.6) bin/spring:48:in `<top (required)>'
  spring (1.3.6) lib/spring/binstub.rb:11:in `load'
  spring (1.3.6) lib/spring/binstub.rb:11:in `<top (required)>'
  bin/spring:16:in `require'
  bin/spring:16:in `<top (required)>'
  bin/rails:3:in `load'
  bin/rails:3:in `<main>'


  Rendered /home/vagrant/.rbenv/versions/2.1.2/lib/ruby/gems/2.1.0/gems/actionpack-4.1.4/lib/action_dispatch/middleware/templates/rescues/missing_template.html.erb within rescues/layout (1.9ms)


Started DELETE "/reset" for 192.168.100.100 at 2015-10-01 15:39:20 +0200
Processing by ResetController#delete as HTML
  Parameters: {"authenticity_token"=>"x5BIIUKgbqbWmiBJLl874VIkdhqNJbCUCJQpsBvW4hw="}
  [1m[35mCorrect Load (1.4ms)[0m  SELECT "corrects".* FROM "corrects"
  [1m[36mAnswer Load (1.6ms)[0m  [1mSELECT "answers".* FROM "answers"[0m
  [1m[35mSQL (3.8ms)[0m  UPDATE "users" SET "used" = 'f'
Redirected to http://192.168.100.101:3005/reset
Completed 302 Found in 3918ms (ActiveRecord: 13.2ms)


Started GET "/reset" for 192.168.100.100 at 2015-10-01 15:39:24 +0200
Processing by ResetController#index as HTML
  Rendered reset/index.html.haml within layouts/application (2.5ms)
  [1m[36mAdmin Load (1.8ms)[0m  [1mSELECT  "admins".* FROM "admins"  WHERE "admins"."id" = 1  ORDER BY "admins"."id" ASC LIMIT 1[0m
Completed 200 OK in 765ms (Views: 650.5ms | ActiveRecord: 11.4ms)


Started DELETE "/reset" for 192.168.100.100 at 2015-10-01 15:40:39 +0200
Processing by ResetController#delete as HTML
  Parameters: {"authenticity_token"=>"x5BIIUKgbqbWmiBJLl874VIkdhqNJbCUCJQpsBvW4hw="}
  [1m[35mCorrect Load (1.1ms)[0m  SELECT "corrects".* FROM "corrects"
  [1m[36mAnswer Load (2.6ms)[0m  [1mSELECT "answers".* FROM "answers"[0m
  [1m[35mSQL (3.5ms)[0m  UPDATE "users" SET "used" = 'f'
Redirected to http://192.168.100.101:3005/reset
Completed 302 Found in 589ms (ActiveRecord: 14.7ms)


Started GET "/reset" for 192.168.100.100 at 2015-10-01 15:40:40 +0200
Processing by ResetController#index as HTML
  Rendered reset/index.html.haml within layouts/application (3.0ms)
  [1m[36mAdmin Load (1.6ms)[0m  [1mSELECT  "admins".* FROM "admins"  WHERE "admins"."id" = 1  ORDER BY "admins"."id" ASC LIMIT 1[0m
Completed 200 OK in 507ms (Views: 403.0ms | ActiveRecord: 9.5ms)


Started DELETE "/reset" for 192.168.100.100 at 2015-10-01 15:41:13 +0200
Processing by ResetController#delete as HTML
  Parameters: {"authenticity_token"=>"x5BIIUKgbqbWmiBJLl874VIkdhqNJbCUCJQpsBvW4hw="}
  [1m[35mCorrect Load (1.0ms)[0m  SELECT "corrects".* FROM "corrects"
  [1m[36mAnswer Load (1.5ms)[0m  [1mSELECT "answers".* FROM "answers"[0m
  [1m[35mSQL (4.6ms)[0m  UPDATE "users" SET "used" = 'f'
Redirected to http://192.168.100.101:3005/reset
Completed 302 Found in 1416ms (ActiveRecord: 15.9ms)


Started GET "/reset" for 192.168.100.100 at 2015-10-01 15:41:15 +0200
Processing by ResetController#index as HTML
  Rendered reset/index.html.haml within layouts/application (2.4ms)
  [1m[36mAdmin Load (1.4ms)[0m  [1mSELECT  "admins".* FROM "admins"  WHERE "admins"."id" = 1  ORDER BY "admins"."id" ASC LIMIT 1[0m
Completed 200 OK in 864ms (Views: 760.3ms | ActiveRecord: 9.8ms)


Started DELETE "/reset" for 192.168.100.100 at 2015-10-01 15:44:09 +0200
Processing by ResetController#delete as HTML
  Parameters: {"authenticity_token"=>"x5BIIUKgbqbWmiBJLl874VIkdhqNJbCUCJQpsBvW4hw="}
  [1m[35mCorrect Load (1.7ms)[0m  SELECT "corrects".* FROM "corrects"
  [1m[36mAnswer Load (1.2ms)[0m  [1mSELECT "answers".* FROM "answers"[0m
  [1m[35mSQL (4.0ms)[0m  UPDATE "users" SET "used" = 'f'
Redirected to http://192.168.100.101:3005/
Completed 302 Found in 2583ms (ActiveRecord: 13.3ms)


Started GET "/" for 192.168.100.100 at 2015-10-01 15:44:12 +0200
Processing by WelcomeController#index as HTML
  [1m[36mUser Load (1.8ms)[0m  [1mselect user_id, user_name, count(*) as cnt from answers left join corrects using (stage) left join users on answers.user_id = users.id  where answer = correct group by user_id, user_name order by cnt desc;[0m
  [1m[35mAnswer Load (1.9ms)[0m  select stage, answer ,count(*) as cnt from answers group by stage, answer order by stage ,answer;
  [1m[36m (1.8ms)[0m  [1mSELECT MAX("answers"."stage") AS max_id FROM "answers"[0m
  Rendered welcome/index.html.haml within layouts/application (21.8ms)
  [1m[35mAdmin Load (1.4ms)[0m  SELECT  "admins".* FROM "admins"  WHERE "admins"."id" = 1  ORDER BY "admins"."id" ASC LIMIT 1
Completed 200 OK in 555ms (Views: 411.7ms | ActiveRecord: 18.7ms)


Started GET "/answer_regist/corrects/new" for 192.168.100.100 at 2015-10-01 15:46:48 +0200
Processing by AnswerRegist::CorrectsController#new as HTML
  [1m[36mAdmin Load (1.8ms)[0m  [1mSELECT  "admins".* FROM "admins"  WHERE "admins"."id" = 1  ORDER BY "admins"."id" ASC LIMIT 1[0m
  [1m[35mCorrect Load (2.4ms)[0m  select max(stage)+1 as stage from corrects;
  Rendered answer_regist/corrects/_form.html.haml (160.9ms)
  Rendered answer_regist/corrects/new.html.haml within layouts/application (167.3ms)
Completed 200 OK in 716ms (Views: 530.6ms | ActiveRecord: 14.1ms)


Started POST "/answer_regist/corrects" for 192.168.100.100 at 2015-10-01 15:46:53 +0200
Processing by AnswerRegist::CorrectsController#create as HTML
  Parameters: {"utf8"=>"✓", "authenticity_token"=>"x5BIIUKgbqbWmiBJLl874VIkdhqNJbCUCJQpsBvW4hw=", "correct"=>{"stage"=>"1", "correct"=>"B"}, "ope"=>{"cmd"=>"save"}}
  [1m[36m (2.5ms)[0m  [1mBEGIN[0m
  [1m[35mAdmin Load (5.0ms)[0m  SELECT  "admins".* FROM "admins"  WHERE "admins"."id" = 1  ORDER BY "admins"."id" ASC LIMIT 1
  [1m[36mSQL (16.1ms)[0m  [1mINSERT INTO "corrects" ("correct", "stage") VALUES ($1, $2) RETURNING "stage"[0m  [["correct", "B"], ["stage", 1]]
  [1m[35mAnswer Load (3.6ms)[0m  select u.id as user_id  from users u left join ( select * from answers where stage = 1) ans on u.id = ans.user_id where answer is null order by u.id;
  [1m[36mClass Create Many Without Validations Or Callbacks (22.5ms)[0m  [1mINSERT INTO "answers" ("id","stage","user_id","answer") VALUES (nextval('answers_id_seq'),1,1,'E'),(nextval('answers_id_seq'),1,2,'E'),(nextval('answers_id_seq'),1,3,'E'),(nextval('answers_id_seq'),1,4,'E'),(nextval('answers_id_seq'),1,5,'E'),(nextval('answers_id_seq'),1,6,'E'),(nextval('answers_id_seq'),1,7,'E'),(nextval('answers_id_seq'),1,8,'E'),(nextval('answers_id_seq'),1,9,'E'),(nextval('answers_id_seq'),1,10,'E'),(nextval('answers_id_seq'),1,11,'E'),(nextval('answers_id_seq'),1,12,'E'),(nextval('answers_id_seq'),1,13,'E'),(nextval('answers_id_seq'),1,14,'E'),(nextval('answers_id_seq'),1,15,'E'),(nextval('answers_id_seq'),1,16,'E'),(nextval('answers_id_seq'),1,17,'E'),(nextval('answers_id_seq'),1,18,'E'),(nextval('answers_id_seq'),1,19,'E'),(nextval('answers_id_seq'),1,20,'E'),(nextval('answers_id_seq'),1,21,'E'),(nextval('answers_id_seq'),1,22,'E'),(nextval('answers_id_seq'),1,23,'E'),(nextval('answers_id_seq'),1,24,'E'),(nextval('answers_id_seq'),1,25,'E'),(nextval('answers_id_seq'),1,26,'E'),(nextval('answers_id_seq'),1,27,'E'),(nextval('answers_id_seq'),1,28,'E'),(nextval('answers_id_seq'),1,29,'E'),(nextval('answers_id_seq'),1,30,'E'),(nextval('answers_id_seq'),1,31,'E'),(nextval('answers_id_seq'),1,32,'E'),(nextval('answers_id_seq'),1,33,'E'),(nextval('answers_id_seq'),1,34,'E'),(nextval('answers_id_seq'),1,35,'E'),(nextval('answers_id_seq'),1,36,'E'),(nextval('answers_id_seq'),1,37,'E'),(nextval('answers_id_seq'),1,38,'E'),(nextval('answers_id_seq'),1,39,'E'),(nextval('answers_id_seq'),1,40,'E'),(nextval('answers_id_seq'),1,41,'E'),(nextval('answers_id_seq'),1,42,'E'),(nextval('answers_id_seq'),1,43,'E'),(nextval('answers_id_seq'),1,44,'E'),(nextval('answers_id_seq'),1,45,'E'),(nextval('answers_id_seq'),1,46,'E'),(nextval('answers_id_seq'),1,47,'E'),(nextval('answers_id_seq'),1,48,'E'),(nextval('answers_id_seq'),1,49,'E'),(nextval('answers_id_seq'),1,50,'E'),(nextval('answers_id_seq'),1,51,'E'),(nextval('answers_id_seq'),1,52,'E'),(nextval('answers_id_seq'),1,53,'E'),(nextval('answers_id_seq'),1,54,'E'),(nextval('answers_id_seq'),1,55,'E'),(nextval('answers_id_seq'),1,56,'E'),(nextval('answers_id_seq'),1,57,'E'),(nextval('answers_id_seq'),1,58,'E'),(nextval('answers_id_seq'),1,59,'E'),(nextval('answers_id_seq'),1,60,'E'),(nextval('answers_id_seq'),1,61,'E'),(nextval('answers_id_seq'),1,62,'E'),(nextval('answers_id_seq'),1,63,'E'),(nextval('answers_id_seq'),1,64,'E'),(nextval('answers_id_seq'),1,65,'E'),(nextval('answers_id_seq'),1,66,'E'),(nextval('answers_id_seq'),1,67,'E'),(nextval('answers_id_seq'),1,68,'E'),(nextval('answers_id_seq'),1,69,'E'),(nextval('answers_id_seq'),1,70,'E'),(nextval('answers_id_seq'),1,71,'E'),(nextval('answers_id_seq'),1,72,'E'),(nextval('answers_id_seq'),1,73,'E'),(nextval('answers_id_seq'),1,74,'E'),(nextval('answers_id_seq'),1,75,'E'),(nextval('answers_id_seq'),1,76,'E'),(nextval('answers_id_seq'),1,77,'E'),(nextval('answers_id_seq'),1,78,'E'),(nextval('answers_id_seq'),1,79,'E'),(nextval('answers_id_seq'),1,80,'E'),(nextval('answers_id_seq'),1,81,'E'),(nextval('answers_id_seq'),1,82,'E'),(nextval('answers_id_seq'),1,83,'E'),(nextval('answers_id_seq'),1,84,'E'),(nextval('answers_id_seq'),1,85,'E'),(nextval('answers_id_seq'),1,86,'E'),(nextval('answers_id_seq'),1,87,'E'),(nextval('answers_id_seq'),1,88,'E'),(nextval('answers_id_seq'),1,89,'E'),(nextval('answers_id_seq'),1,90,'E'),(nextval('answers_id_seq'),1,91,'E'),(nextval('answers_id_seq'),1,92,'E'),(nextval('answers_id_seq'),1,93,'E'),(nextval('answers_id_seq'),1,94,'E'),(nextval('answers_id_seq'),1,95,'E'),(nextval('answers_id_seq'),1,96,'E'),(nextval('answers_id_seq'),1,97,'E'),(nextval('answers_id_seq'),1,98,'E'),(nextval('answers_id_seq'),1,99,'E'),(nextval('answers_id_seq'),1,100,'E'),(nextval('answers_id_seq'),1,101,'E'),(nextval('answers_id_seq'),1,102,'E'),(nextval('answers_id_seq'),1,103,'E'),(nextval('answers_id_seq'),1,104,'E'),(nextval('answers_id_seq'),1,105,'E'),(nextval('answers_id_seq'),1,106,'E'),(nextval('answers_id_seq'),1,107,'E'),(nextval('answers_id_seq'),1,108,'E'),(nextval('answers_id_seq'),1,109,'E'),(nextval('answers_id_seq'),1,110,'E'),(nextval('answers_id_seq'),1,111,'E'),(nextval('answers_id_seq'),1,112,'E'),(nextval('answers_id_seq'),1,113,'E'),(nextval('answers_id_seq'),1,114,'E'),(nextval('answers_id_seq'),1,115,'E'),(nextval('answers_id_seq'),1,116,'E'),(nextval('answers_id_seq'),1,117,'E'),(nextval('answers_id_seq'),1,118,'E'),(nextval('answers_id_seq'),1,119,'E'),(nextval('answers_id_seq'),1,120,'E'),(nextval('answers_id_seq'),1,121,'E'),(nextval('answers_id_seq'),1,122,'E'),(nextval('answers_id_seq'),1,123,'E'),(nextval('answers_id_seq'),1,124,'E'),(nextval('answers_id_seq'),1,125,'E'),(nextval('answers_id_seq'),1,126,'E'),(nextval('answers_id_seq'),1,127,'E'),(nextval('answers_id_seq'),1,128,'E'),(nextval('answers_id_seq'),1,129,'E'),(nextval('answers_id_seq'),1,130,'E'),(nextval('answers_id_seq'),1,131,'E'),(nextval('answers_id_seq'),1,132,'E'),(nextval('answers_id_seq'),1,133,'E'),(nextval('answers_id_seq'),1,134,'E'),(nextval('answers_id_seq'),1,135,'E'),(nextval('answers_id_seq'),1,136,'E'),(nextval('answers_id_seq'),1,137,'E'),(nextval('answers_id_seq'),1,138,'E'),(nextval('answers_id_seq'),1,139,'E'),(nextval('answers_id_seq'),1,140,'E'),(nextval('answers_id_seq'),1,141,'E'),(nextval('answers_id_seq'),1,142,'E'),(nextval('answers_id_seq'),1,143,'E'),(nextval('answers_id_seq'),1,144,'E'),(nextval('answers_id_seq'),1,145,'E'),(nextval('answers_id_seq'),1,146,'E'),(nextval('answers_id_seq'),1,147,'E'),(nextval('answers_id_seq'),1,148,'E'),(nextval('answers_id_seq'),1,149,'E'),(nextval('answers_id_seq'),1,150,'E'),(nextval('answers_id_seq'),1,151,'E') RETURNING id[0m
Redirected to http://192.168.100.101:3005/answer_regist/corrects
  [1m[35m (5.1ms)[0m  COMMIT
Completed 302 Found in 367ms (ActiveRecord: 114.2ms)


Started GET "/answer_regist/corrects" for 192.168.100.100 at 2015-10-01 15:46:53 +0200
Processing by AnswerRegist::CorrectsController#show as HTML
  [1m[36mAdmin Load (1.7ms)[0m  [1mSELECT  "admins".* FROM "admins"  WHERE "admins"."id" = 1  ORDER BY "admins"."id" ASC LIMIT 1[0m
  [1m[35mCorrect Load (3.4ms)[0m  select id, stage, correct, case when count is null then 0 else count end as corcount from corrects left join (select stage,count(*) from corrects left join answers using (stage)  where  correct = answer group by stage) correct_count  using (stage) ;
  Rendered answer_regist/corrects/show.html.haml within layouts/application (8.3ms)
Completed 200 OK in 659ms (Views: 546.0ms | ActiveRecord: 5.1ms)


Started GET "/" for 192.168.100.100 at 2015-10-01 15:46:57 +0200
Processing by WelcomeController#index as HTML
  [1m[36mUser Load (1.5ms)[0m  [1mselect user_id, user_name, count(*) as cnt from answers left join corrects using (stage) left join users on answers.user_id = users.id  where answer = correct group by user_id, user_name order by cnt desc;[0m
  [1m[35mAnswer Load (2.4ms)[0m  select stage, answer ,count(*) as cnt from answers group by stage, answer order by stage ,answer;
  [1m[36m (1.3ms)[0m  [1mSELECT MAX("answers"."stage") AS max_id FROM "answers"[0m
  Rendered welcome/index.html.haml within layouts/application (14.6ms)
  [1m[35mAdmin Load (1.5ms)[0m  SELECT  "admins".* FROM "admins"  WHERE "admins"."id" = 1  ORDER BY "admins"."id" ASC LIMIT 1
Completed 200 OK in 483ms (Views: 365.6ms | ActiveRecord: 6.7ms)


Started GET "/reset" for 192.168.100.100 at 2015-10-01 15:47:05 +0200
Processing by ResetController#index as HTML
  Parameters: {"authenticity_token"=>"x5BIIUKgbqbWmiBJLl874VIkdhqNJbCUCJQpsBvW4hw="}
  Rendered reset/index.html.haml within layouts/application (7.4ms)
  [1m[36mAdmin Load (1.5ms)[0m  [1mSELECT  "admins".* FROM "admins"  WHERE "admins"."id" = 1  ORDER BY "admins"."id" ASC LIMIT 1[0m
Completed 200 OK in 686ms (Views: 574.6ms | ActiveRecord: 1.5ms)


Started DELETE "/reset" for 192.168.100.100 at 2015-10-01 15:47:08 +0200
Processing by ResetController#delete as HTML
  Parameters: {"authenticity_token"=>"x5BIIUKgbqbWmiBJLl874VIkdhqNJbCUCJQpsBvW4hw="}
  [1m[35mCorrect Load (1.8ms)[0m  SELECT "corrects".* FROM "corrects"
  [1m[36m (1.3ms)[0m  [1mBEGIN[0m
  [1m[35mSQL (1.5ms)[0m  DELETE FROM "corrects" WHERE "corrects"."stage" = $1  [["stage", 1]]
  [1m[36m (5.1ms)[0m  [1mCOMMIT[0m
  [1m[35mAnswer Load (1.6ms)[0m  SELECT "answers".* FROM "answers"
  [1m[36m (1.8ms)[0m  [1mBEGIN[0m
  [1m[35mSQL (2.9ms)[0m  DELETE FROM "answers" WHERE "answers"."id" = $1  [["id", 1121]]
  [1m[36m (2.4ms)[0m  [1mCOMMIT[0m
  [1m[35m (0.8ms)[0m  BEGIN
  [1m[36mSQL (1.4ms)[0m  [1mDELETE FROM "answers" WHERE "answers"."id" = $1[0m  [["id", 1122]]
  [1m[35m (3.6ms)[0m  COMMIT
  [1m[36m (0.7ms)[0m  [1mBEGIN[0m
  [1m[35mSQL (1.3ms)[0m  DELETE FROM "answers" WHERE "answers"."id" = $1  [["id", 1123]]
  [1m[36m (2.9ms)[0m  [1mCOMMIT[0m
  [1m[35m (6.0ms)[0m  BEGIN
  [1m[36mSQL (1.5ms)[0m  [1mDELETE FROM "answers" WHERE "answers"."id" = $1[0m  [["id", 1124]]
  [1m[35m (8.3ms)[0m  COMMIT
  [1m[36m (1.8ms)[0m  [1mBEGIN[0m
  [1m[35mSQL (2.3ms)[0m  DELETE FROM "answers" WHERE "answers"."id" = $1  [["id", 1125]]
  [1m[36m (3.7ms)[0m  [1mCOMMIT[0m
  [1m[35m (2.1ms)[0m  BEGIN
  [1m[36mSQL (1.2ms)[0m  [1mDELETE FROM "answers" WHERE "answers"."id" = $1[0m  [["id", 1126]]
  [1m[35m (2.7ms)[0m  COMMIT
  [1m[36m (1.9ms)[0m  [1mBEGIN[0m
  [1m[35mSQL (2.8ms)[0m  DELETE FROM "answers" WHERE "answers"."id" = $1  [["id", 1127]]
  [1m[36m (3.3ms)[0m  [1mCOMMIT[0m
  [1m[35m (0.6ms)[0m  BEGIN
  [1m[36mSQL (1.1ms)[0m  [1mDELETE FROM "answers" WHERE "answers"."id" = $1[0m  [["id", 1128]]
  [1m[35m (2.7ms)[0m  COMMIT
  [1m[36m (1.4ms)[0m  [1mBEGIN[0m
  [1m[35mSQL (1.5ms)[0m  DELETE FROM "answers" WHERE "answers"."id" = $1  [["id", 1129]]
  [1m[36m (3.2ms)[0m  [1mCOMMIT[0m
  [1m[35m (1.0ms)[0m  BEGIN
  [1m[36mSQL (1.8ms)[0m  [1mDELETE FROM "answers" WHERE "answers"."id" = $1[0m  [["id", 1130]]
  [1m[35m (2.5ms)[0m  COMMIT
  [1m[36m (1.6ms)[0m  [1mBEGIN[0m
  [1m[35mSQL (1.1ms)[0m  DELETE FROM "answers" WHERE "answers"."id" = $1  [["id", 1131]]
  [1m[36m (3.9ms)[0m  [1mCOMMIT[0m
  [1m[35m (0.4ms)[0m  BEGIN
  [1m[36mSQL (1.5ms)[0m  [1mDELETE FROM "answers" WHERE "answers"."id" = $1[0m  [["id", 1132]]
  [1m[35m (2.2ms)[0m  COMMIT
  [1m[36m (1.2ms)[0m  [1mBEGIN[0m
  [1m[35mSQL (1.3ms)[0m  DELETE FROM "answers" WHERE "answers"."id" = $1  [["id", 1133]]
  [1m[36m (2.6ms)[0m  [1mCOMMIT[0m
  [1m[35m (1.5ms)[0m  BEGIN
  [1m[36mSQL (1.4ms)[0m  [1mDELETE FROM "answers" WHERE "answers"."id" = $1[0m  [["id", 1134]]
  [1m[35m (2.9ms)[0m  COMMIT
  [1m[36m (1.9ms)[0m  [1mBEGIN[0m
  [1m[35mSQL (1.6ms)[0m  DELETE FROM "answers" WHERE "answers"."id" = $1  [["id", 1135]]
  [1m[36m (2.2ms)[0m  [1mCOMMIT[0m
  [1m[35m (0.9ms)[0m  BEGIN
  [1m[36mSQL (2.3ms)[0m  [1mDELETE FROM "answers" WHERE "answers"."id" = $1[0m  [["id", 1136]]
  [1m[35m (2.4ms)[0m  COMMIT
  [1m[36m (0.5ms)[0m  [1mBEGIN[0m
  [1m[35mSQL (1.1ms)[0m  DELETE FROM "answers" WHERE "answers"."id" = $1  [["id", 1137]]
  [1m[36m (1.7ms)[0m  [1mCOMMIT[0m
  [1m[35m (1.0ms)[0m  BEGIN
  [1m[36mSQL (1.6ms)[0m  [1mDELETE FROM "answers" WHERE "answers"."id" = $1[0m  [["id", 1138]]
  [1m[35m (2.8ms)[0m  COMMIT
  [1m[36m (0.6ms)[0m  [1mBEGIN[0m
  [1m[35mSQL (1.8ms)[0m  DELETE FROM "answers" WHERE "answers"."id" = $1  [["id", 1139]]
  [1m[36m (2.6ms)[0m  [1mCOMMIT[0m
  [1m[35m (1.0ms)[0m  BEGIN
  [1m[36mSQL (2.4ms)[0m  [1mDELETE FROM "answers" WHERE "answers"."id" = $1[0m  [["id", 1140]]
  [1m[35m (2.6ms)[0m  COMMIT
  [1m[36m (0.9ms)[0m  [1mBEGIN[0m
  [1m[35mSQL (1.7ms)[0m  DELETE FROM "answers" WHERE "answers"."id" = $1  [["id", 1141]]
  [1m[36m (2.4ms)[0m  [1mCOMMIT[0m
  [1m[35m (0.7ms)[0m  BEGIN
  [1m[36mSQL (1.1ms)[0m  [1mDELETE FROM "answers" WHERE "answers"."id" = $1[0m  [["id", 1142]]
  [1m[35m (2.6ms)[0m  COMMIT
  [1m[36m (1.8ms)[0m  [1mBEGIN[0m
  [1m[35mSQL (1.9ms)[0m  DELETE FROM "answers" WHERE "answers"."id" = $1  [["id", 1143]]
  [1m[36m (3.6ms)[0m  [1mCOMMIT[0m
  [1m[35m (1.6ms)[0m  BEGIN
  [1m[36mSQL (1.8ms)[0m  [1mDELETE FROM "answers" WHERE "answers"."id" = $1[0m  [["id", 1144]]
  [1m[35m (2.9ms)[0m  COMMIT
  [1m[36m (1.4ms)[0m  [1mBEGIN[0m
  [1m[35mSQL (1.4ms)[0m  DELETE FROM "answers" WHERE "answers"."id" = $1  [["id", 1145]]
  [1m[36m (2.9ms)[0m  [1mCOMMIT[0m
  [1m[35m (1.1ms)[0m  BEGIN
  [1m[36mSQL (1.5ms)[0m  [1mDELETE FROM "answers" WHERE "answers"."id" = $1[0m  [["id", 1146]]
  [1m[35m (3.1ms)[0m  COMMIT
  [1m[36m (0.9ms)[0m  [1mBEGIN[0m
  [1m[35mSQL (2.2ms)[0m  DELETE FROM "answers" WHERE "answers"."id" = $1  [["id", 1147]]
  [1m[36m (2.6ms)[0m  [1mCOMMIT[0m
  [1m[35m (0.8ms)[0m  BEGIN
  [1m[36mSQL (1.9ms)[0m  [1mDELETE FROM "answers" WHERE "answers"."id" = $1[0m  [["id", 1148]]
  [1m[35m (4.0ms)[0m  COMMIT
  [1m[36m (0.8ms)[0m  [1mBEGIN[0m
  [1m[35mSQL (1.6ms)[0m  DELETE FROM "answers" WHERE "answers"."id" = $1  [["id", 1149]]
  [1m[36m (2.8ms)[0m  [1mCOMMIT[0m
  [1m[35m (0.9ms)[0m  BEGIN
  [1m[36mSQL (1.3ms)[0m  [1mDELETE FROM "answers" WHERE "answers"."id" = $1[0m  [["id", 1150]]
  [1m[35m (2.8ms)[0m  COMMIT
  [1m[36m (0.9ms)[0m  [1mBEGIN[0m
  [1m[35mSQL (2.1ms)[0m  DELETE FROM "answers" WHERE "answers"."id" = $1  [["id", 1151]]
  [1m[36m (4.8ms)[0m  [1mCOMMIT[0m
  [1m[35m (1.9ms)[0m  BEGIN
  [1m[36mSQL (3.5ms)[0m  [1mDELETE FROM "answers" WHERE "answers"."id" = $1[0m  [["id", 1152]]
  [1m[35m (8.3ms)[0m  COMMIT
  [1m[36m (7.2ms)[0m  [1mBEGIN[0m
  [1m[35mSQL (1.1ms)[0m  DELETE FROM "answers" WHERE "answers"."id" = $1  [["id", 1153]]
  [1m[36m (2.7ms)[0m  [1mCOMMIT[0m
  [1m[35m (1.0ms)[0m  BEGIN
  [1m[36mSQL (1.4ms)[0m  [1mDELETE FROM "answers" WHERE "answers"."id" = $1[0m  [["id", 1154]]
  [1m[35m (2.7ms)[0m  COMMIT
  [1m[36m (1.0ms)[0m  [1mBEGIN[0m
  [1m[35mSQL (1.7ms)[0m  DELETE FROM "answers" WHERE "answers"."id" = $1  [["id", 1155]]
  [1m[36m (3.8ms)[0m  [1mCOMMIT[0m
  [1m[35m (0.9ms)[0m  BEGIN
  [1m[36mSQL (1.8ms)[0m  [1mDELETE FROM "answers" WHERE "answers"."id" = $1[0m  [["id", 1156]]
  [1m[35m (3.1ms)[0m  COMMIT
  [1m[36m (0.7ms)[0m  [1mBEGIN[0m
  [1m[35mSQL (1.1ms)[0m  DELETE FROM "answers" WHERE "answers"."id" = $1  [["id", 1157]]
  [1m[36m (3.5ms)[0m  [1mCOMMIT[0m
  [1m[35m (1.9ms)[0m  BEGIN
  [1m[36mSQL (1.6ms)[0m  [1mDELETE FROM "answers" WHERE "answers"."id" = $1[0m  [["id", 1158]]
  [1m[35m (2.6ms)[0m  COMMIT
  [1m[36m (1.5ms)[0m  [1mBEGIN[0m
  [1m[35mSQL (3.5ms)[0m  DELETE FROM "answers" WHERE "answers"."id" = $1  [["id", 1159]]
  [1m[36m (3.6ms)[0m  [1mCOMMIT[0m
  [1m[35m (0.8ms)[0m  BEGIN
  [1m[36mSQL (0.9ms)[0m  [1mDELETE FROM "answers" WHERE "answers"."id" = $1[0m  [["id", 1160]]
  [1m[35m (2.8ms)[0m  COMMIT
  [1m[36m (1.7ms)[0m  [1mBEGIN[0m
  [1m[35mSQL (1.6ms)[0m  DELETE FROM "answers" WHERE "answers"."id" = $1  [["id", 1161]]
  [1m[36m (2.7ms)[0m  [1mCOMMIT[0m
  [1m[35m (1.0ms)[0m  BEGIN
  [1m[36mSQL (0.8ms)[0m  [1mDELETE FROM "answers" WHERE "answers"."id" = $1[0m  [["id", 1162]]
  [1m[35m (2.9ms)[0m  COMMIT
  [1m[36m (0.8ms)[0m  [1mBEGIN[0m
  [1m[35mSQL (2.3ms)[0m  DELETE FROM "answers" WHERE "answers"."id" = $1  [["id", 1163]]
  [1m[36m (4.0ms)[0m  [1mCOMMIT[0m
  [1m[35m (0.8ms)[0m  BEGIN
  [1m[36mSQL (2.1ms)[0m  [1mDELETE FROM "answers" WHERE "answers"."id" = $1[0m  [["id", 1164]]
  [1m[35m (3.4ms)[0m  COMMIT
  [1m[36m (0.7ms)[0m  [1mBEGIN[0m
  [1m[35mSQL (1.3ms)[0m  DELETE FROM "answers" WHERE "answers"."id" = $1  [["id", 1165]]
  [1m[36m (3.0ms)[0m  [1mCOMMIT[0m
  [1m[35m (1.7ms)[0m  BEGIN
  [1m[36mSQL (2.0ms)[0m  [1mDELETE FROM "answers" WHERE "answers"."id" = $1[0m  [["id", 1166]]
  [1m[35m (2.8ms)[0m  COMMIT
  [1m[36m (1.1ms)[0m  [1mBEGIN[0m
  [1m[35mSQL (1.6ms)[0m  DELETE FROM "answers" WHERE "answers"."id" = $1  [["id", 1167]]
  [1m[36m (2.7ms)[0m  [1mCOMMIT[0m
  [1m[35m (0.8ms)[0m  BEGIN
  [1m[36mSQL (0.9ms)[0m  [1mDELETE FROM "answers" WHERE "answers"."id" = $1[0m  [["id", 1168]]
  [1m[35m (2.9ms)[0m  COMMIT
  [1m[36m (1.0ms)[0m  [1mBEGIN[0m
  [1m[35mSQL (0.9ms)[0m  DELETE FROM "answers" WHERE "answers"."id" = $1  [["id", 1169]]
  [1m[36m (3.6ms)[0m  [1mCOMMIT[0m
  [1m[35m (1.5ms)[0m  BEGIN
  [1m[36mSQL (1.7ms)[0m  [1mDELETE FROM "answers" WHERE "answers"."id" = $1[0m  [["id", 1170]]
  [1m[35m (3.9ms)[0m  COMMIT
  [1m[36m (1.2ms)[0m  [1mBEGIN[0m
  [1m[35mSQL (1.7ms)[0m  DELETE FROM "answers" WHERE "answers"."id" = $1  [["id", 1171]]
  [1m[36m (2.7ms)[0m  [1mCOMMIT[0m
  [1m[35m (0.8ms)[0m  BEGIN
  [1m[36mSQL (1.7ms)[0m  [1mDELETE FROM "answers" WHERE "answers"."id" = $1[0m  [["id", 1172]]
  [1m[35m (2.5ms)[0m  COMMIT
  [1m[36m (1.0ms)[0m  [1mBEGIN[0m
  [1m[35mSQL (1.5ms)[0m  DELETE FROM "answers" WHERE "answers"."id" = $1  [["id", 1173]]
  [1m[36m (3.0ms)[0m  [1mCOMMIT[0m
  [1m[35m (1.2ms)[0m  BEGIN
  [1m[36mSQL (1.3ms)[0m  [1mDELETE FROM "answers" WHERE "answers"."id" = $1[0m  [["id", 1174]]
  [1m[35m (2.2ms)[0m  COMMIT
  [1m[36m (0.9ms)[0m  [1mBEGIN[0m
  [1m[35mSQL (1.2ms)[0m  DELETE FROM "answers" WHERE "answers"."id" = $1  [["id", 1175]]
  [1m[36m (3.2ms)[0m  [1mCOMMIT[0m
  [1m[35m (0.8ms)[0m  BEGIN
  [1m[36mSQL (1.7ms)[0m  [1mDELETE FROM "answers" WHERE "answers"."id" = $1[0m  [["id", 1176]]
  [1m[35m (3.3ms)[0m  COMMIT
  [1m[36m (1.7ms)[0m  [1mBEGIN[0m
  [1m[35mSQL (1.8ms)[0m  DELETE FROM "answers" WHERE "answers"."id" = $1  [["id", 1177]]
  [1m[36m (3.5ms)[0m  [1mCOMMIT[0m
  [1m[35m (1.3ms)[0m  BEGIN
  [1m[36mSQL (1.6ms)[0m  [1mDELETE FROM "answers" WHERE "answers"."id" = $1[0m  [["id", 1178]]
  [1m[35m (3.2ms)[0m  COMMIT
  [1m[36m (1.0ms)[0m  [1mBEGIN[0m
  [1m[35mSQL (0.6ms)[0m  DELETE FROM "answers" WHERE "answers"."id" = $1  [["id", 1179]]
  [1m[36m (2.7ms)[0m  [1mCOMMIT[0m
  [1m[35m (1.4ms)[0m  BEGIN
  [1m[36mSQL (1.9ms)[0m  [1mDELETE FROM "answers" WHERE "answers"."id" = $1[0m  [["id", 1180]]
  [1m[35m (2.6ms)[0m  COMMIT
  [1m[36m (1.0ms)[0m  [1mBEGIN[0m
  [1m[35mSQL (1.4ms)[0m  DELETE FROM "answers" WHERE "answers"."id" = $1  [["id", 1181]]
  [1m[36m (3.1ms)[0m  [1mCOMMIT[0m
  [1m[35m (0.9ms)[0m  BEGIN
  [1m[36mSQL (1.2ms)[0m  [1mDELETE FROM "answers" WHERE "answers"."id" = $1[0m  [["id", 1182]]
  [1m[35m (3.1ms)[0m  COMMIT
  [1m[36m (0.6ms)[0m  [1mBEGIN[0m
  [1m[35mSQL (1.5ms)[0m  DELETE FROM "answers" WHERE "answers"."id" = $1  [["id", 1183]]
  [1m[36m (3.3ms)[0m  [1mCOMMIT[0m
  [1m[35m (1.7ms)[0m  BEGIN
  [1m[36mSQL (1.1ms)[0m  [1mDELETE FROM "answers" WHERE "answers"."id" = $1[0m  [["id", 1184]]
  [1m[35m (3.2ms)[0m  COMMIT
  [1m[36m (1.7ms)[0m  [1mBEGIN[0m
  [1m[35mSQL (1.2ms)[0m  DELETE FROM "answers" WHERE "answers"."id" = $1  [["id", 1185]]
  [1m[36m (2.9ms)[0m  [1mCOMMIT[0m
  [1m[35m (1.0ms)[0m  BEGIN
  [1m[36mSQL (2.0ms)[0m  [1mDELETE FROM "answers" WHERE "answers"."id" = $1[0m  [["id", 1186]]
  [1m[35m (3.7ms)[0m  COMMIT
  [1m[36m (1.1ms)[0m  [1mBEGIN[0m
  [1m[35mSQL (1.0ms)[0m  DELETE FROM "answers" WHERE "answers"."id" = $1  [["id", 1187]]
  [1m[36m (2.3ms)[0m  [1mCOMMIT[0m
  [1m[35m (0.6ms)[0m  BEGIN
  [1m[36mSQL (0.9ms)[0m  [1mDELETE FROM "answers" WHERE "answers"."id" = $1[0m  [["id", 1188]]
  [1m[35m (3.0ms)[0m  COMMIT
  [1m[36m (0.9ms)[0m  [1mBEGIN[0m
  [1m[35mSQL (1.2ms)[0m  DELETE FROM "answers" WHERE "answers"."id" = $1  [["id", 1189]]
  [1m[36m (4.0ms)[0m  [1mCOMMIT[0m
  [1m[35m (1.3ms)[0m  BEGIN
  [1m[36mSQL (1.4ms)[0m  [1mDELETE FROM "answers" WHERE "answers"."id" = $1[0m  [["id", 1190]]
  [1m[35m (3.5ms)[0m  COMMIT
  [1m[36m (0.7ms)[0m  [1mBEGIN[0m
  [1m[35mSQL (1.7ms)[0m  DELETE FROM "answers" WHERE "answers"."id" = $1  [["id", 1191]]
  [1m[36m (2.2ms)[0m  [1mCOMMIT[0m
  [1m[35m (0.9ms)[0m  BEGIN
  [1m[36mSQL (1.1ms)[0m  [1mDELETE FROM "answers" WHERE "answers"."id" = $1[0m  [["id", 1192]]
  [1m[35m (3.5ms)[0m  COMMIT
  [1m[36m (0.7ms)[0m  [1mBEGIN[0m
  [1m[35mSQL (1.4ms)[0m  DELETE FROM "answers" WHERE "answers"."id" = $1  [["id", 1193]]
  [1m[36m (2.6ms)[0m  [1mCOMMIT[0m
  [1m[35m (0.7ms)[0m  BEGIN
  [1m[36mSQL (0.8ms)[0m  [1mDELETE FROM "answers" WHERE "answers"."id" = $1[0m  [["id", 1194]]
  [1m[35m (2.5ms)[0m  COMMIT
  [1m[36m (2.0ms)[0m  [1mBEGIN[0m
  [1m[35mSQL (1.8ms)[0m  DELETE FROM "answers" WHERE "answers"."id" = $1  [["id", 1195]]
  [1m[36m (2.6ms)[0m  [1mCOMMIT[0m
  [1m[35m (1.4ms)[0m  BEGIN
  [1m[36mSQL (1.7ms)[0m  [1mDELETE FROM "answers" WHERE "answers"."id" = $1[0m  [["id", 1196]]
  [1m[35m (2.7ms)[0m  COMMIT
  [1m[36m (0.9ms)[0m  [1mBEGIN[0m
  [1m[35mSQL (2.0ms)[0m  DELETE FROM "answers" WHERE "answers"."id" = $1  [["id", 1197]]
  [1m[36m (2.4ms)[0m  [1mCOMMIT[0m
  [1m[35m (1.4ms)[0m  BEGIN
  [1m[36mSQL (1.4ms)[0m  [1mDELETE FROM "answers" WHERE "answers"."id" = $1[0m  [["id", 1198]]
  [1m[35m (3.5ms)[0m  COMMIT
  [1m[36m (1.2ms)[0m  [1mBEGIN[0m
  [1m[35mSQL (1.8ms)[0m  DELETE FROM "answers" WHERE "answers"."id" = $1  [["id", 1199]]
  [1m[36m (3.6ms)[0m  [1mCOMMIT[0m
  [1m[35m (1.1ms)[0m  BEGIN
  [1m[36mSQL (2.7ms)[0m  [1mDELETE FROM "answers" WHERE "answers"."id" = $1[0m  [["id", 1200]]
  [1m[35m (3.7ms)[0m  COMMIT
  [1m[36m (1.1ms)[0m  [1mBEGIN[0m
  [1m[35mSQL (3.1ms)[0m  DELETE FROM "answers" WHERE "answers"."id" = $1  [["id", 1201]]
  [1m[36m (3.4ms)[0m  [1mCOMMIT[0m
  [1m[35m (1.6ms)[0m  BEGIN
  [1m[36mSQL (1.9ms)[0m  [1mDELETE FROM "answers" WHERE "answers"."id" = $1[0m  [["id", 1202]]
  [1m[35m (3.6ms)[0m  COMMIT
  [1m[36m (1.0ms)[0m  [1mBEGIN[0m
  [1m[35mSQL (1.3ms)[0m  DELETE FROM "answers" WHERE "answers"."id" = $1  [["id", 1203]]
  [1m[36m (3.9ms)[0m  [1mCOMMIT[0m
  [1m[35m (1.5ms)[0m  BEGIN
  [1m[36mSQL (4.2ms)[0m  [1mDELETE FROM "answers" WHERE "answers"."id" = $1[0m  [["id", 1204]]
  [1m[35m (4.9ms)[0m  COMMIT
  [1m[36m (2.2ms)[0m  [1mBEGIN[0m
  [1m[35mSQL (1.3ms)[0m  DELETE FROM "answers" WHERE "answers"."id" = $1  [["id", 1205]]
  [1m[36m (7.1ms)[0m  [1mCOMMIT[0m
  [1m[35m (3.1ms)[0m  BEGIN
  [1m[36mSQL (1.6ms)[0m  [1mDELETE FROM "answers" WHERE "answers"."id" = $1[0m  [["id", 1206]]
  [1m[35m (5.6ms)[0m  COMMIT
  [1m[36m (1.6ms)[0m  [1mBEGIN[0m
  [1m[35mSQL (3.5ms)[0m  DELETE FROM "answers" WHERE "answers"."id" = $1  [["id", 1207]]
  [1m[36m (5.3ms)[0m  [1mCOMMIT[0m
  [1m[35m (1.9ms)[0m  BEGIN
  [1m[36mSQL (1.4ms)[0m  [1mDELETE FROM "answers" WHERE "answers"."id" = $1[0m  [["id", 1208]]
  [1m[35m (3.7ms)[0m  COMMIT
  [1m[36m (1.0ms)[0m  [1mBEGIN[0m
  [1m[35mSQL (2.0ms)[0m  DELETE FROM "answers" WHERE "answers"."id" = $1  [["id", 1209]]
  [1m[36m (3.0ms)[0m  [1mCOMMIT[0m
  [1m[35m (0.9ms)[0m  BEGIN
  [1m[36mSQL (1.7ms)[0m  [1mDELETE FROM "answers" WHERE "answers"."id" = $1[0m  [["id", 1210]]
  [1m[35m (2.8ms)[0m  COMMIT
  [1m[36m (0.7ms)[0m  [1mBEGIN[0m
  [1m[35mSQL (1.5ms)[0m  DELETE FROM "answers" WHERE "answers"."id" = $1  [["id", 1211]]
  [1m[36m (2.3ms)[0m  [1mCOMMIT[0m
  [1m[35m (1.4ms)[0m  BEGIN
  [1m[36mSQL (1.0ms)[0m  [1mDELETE FROM "answers" WHERE "answers"."id" = $1[0m  [["id", 1212]]
  [1m[35m (3.5ms)[0m  COMMIT
  [1m[36m (1.5ms)[0m  [1mBEGIN[0m
  [1m[35mSQL (1.9ms)[0m  DELETE FROM "answers" WHERE "answers"."id" = $1  [["id", 1213]]
  [1m[36m (3.2ms)[0m  [1mCOMMIT[0m
  [1m[35m (0.8ms)[0m  BEGIN
  [1m[36mSQL (5.6ms)[0m  [1mDELETE FROM "answers" WHERE "answers"."id" = $1[0m  [["id", 1214]]
  [1m[35m (4.2ms)[0m  COMMIT
  [1m[36m (0.7ms)[0m  [1mBEGIN[0m
  [1m[35mSQL (1.0ms)[0m  DELETE FROM "answers" WHERE "answers"."id" = $1  [["id", 1215]]
  [1m[36m (2.9ms)[0m  [1mCOMMIT[0m
  [1m[35m (1.2ms)[0m  BEGIN
  [1m[36mSQL (1.7ms)[0m  [1mDELETE FROM "answers" WHERE "answers"."id" = $1[0m  [["id", 1216]]
  [1m[35m (2.9ms)[0m  COMMIT
  [1m[36m (1.2ms)[0m  [1mBEGIN[0m
  [1m[35mSQL (2.1ms)[0m  DELETE FROM "answers" WHERE "answers"."id" = $1  [["id", 1217]]
  [1m[36m (2.8ms)[0m  [1mCOMMIT[0m
  [1m[35m (0.9ms)[0m  BEGIN
  [1m[36mSQL (0.8ms)[0m  [1mDELETE FROM "answers" WHERE "answers"."id" = $1[0m  [["id", 1218]]
  [1m[35m (2.1ms)[0m  COMMIT
  [1m[36m (1.6ms)[0m  [1mBEGIN[0m
  [1m[35mSQL (0.8ms)[0m  DELETE FROM "answers" WHERE "answers"."id" = $1  [["id", 1219]]
  [1m[36m (2.8ms)[0m  [1mCOMMIT[0m
  [1m[35m (0.9ms)[0m  BEGIN
  [1m[36mSQL (1.3ms)[0m  [1mDELETE FROM "answers" WHERE "answers"."id" = $1[0m  [["id", 1220]]
  [1m[35m (3.4ms)[0m  COMMIT
  [1m[36m (1.8ms)[0m  [1mBEGIN[0m
  [1m[35mSQL (1.9ms)[0m  DELETE FROM "answers" WHERE "answers"."id" = $1  [["id", 1221]]
  [1m[36m (3.4ms)[0m  [1mCOMMIT[0m
  [1m[35m (0.8ms)[0m  BEGIN
  [1m[36mSQL (0.9ms)[0m  [1mDELETE FROM "answers" WHERE "answers"."id" = $1[0m  [["id", 1222]]
  [1m[35m (4.1ms)[0m  COMMIT
  [1m[36m (1.6ms)[0m  [1mBEGIN[0m
  [1m[35mSQL (1.1ms)[0m  DELETE FROM "answers" WHERE "answers"."id" = $1  [["id", 1223]]
  [1m[36m (2.9ms)[0m  [1mCOMMIT[0m
  [1m[35m (1.4ms)[0m  BEGIN
  [1m[36mSQL (1.0ms)[0m  [1mDELETE FROM "answers" WHERE "answers"."id" = $1[0m  [["id", 1224]]
  [1m[35m (2.9ms)[0m  COMMIT
  [1m[36m (0.7ms)[0m  [1mBEGIN[0m
  [1m[35mSQL (0.9ms)[0m  DELETE FROM "answers" WHERE "answers"."id" = $1  [["id", 1225]]
  [1m[36m (3.7ms)[0m  [1mCOMMIT[0m
  [1m[35m (1.5ms)[0m  BEGIN
  [1m[36mSQL (1.0ms)[0m  [1mDELETE FROM "answers" WHERE "answers"."id" = $1[0m  [["id", 1226]]
  [1m[35m (3.3ms)[0m  COMMIT
  [1m[36m (1.3ms)[0m  [1mBEGIN[0m
  [1m[35mSQL (0.9ms)[0m  DELETE FROM "answers" WHERE "answers"."id" = $1  [["id", 1227]]
  [1m[36m (3.1ms)[0m  [1mCOMMIT[0m
  [1m[35m (0.7ms)[0m  BEGIN
  [1m[36mSQL (4.0ms)[0m  [1mDELETE FROM "answers" WHERE "answers"."id" = $1[0m  [["id", 1228]]
  [1m[35m (2.8ms)[0m  COMMIT
  [1m[36m (1.0ms)[0m  [1mBEGIN[0m
  [1m[35mSQL (2.0ms)[0m  DELETE FROM "answers" WHERE "answers"."id" = $1  [["id", 1229]]
  [1m[36m (3.0ms)[0m  [1mCOMMIT[0m
  [1m[35m (0.8ms)[0m  BEGIN
  [1m[36mSQL (2.7ms)[0m  [1mDELETE FROM "answers" WHERE "answers"."id" = $1[0m  [["id", 1230]]
  [1m[35m (2.5ms)[0m  COMMIT
  [1m[36m (1.8ms)[0m  [1mBEGIN[0m
  [1m[35mSQL (1.8ms)[0m  DELETE FROM "answers" WHERE "answers"."id" = $1  [["id", 1231]]
  [1m[36m (3.4ms)[0m  [1mCOMMIT[0m
  [1m[35m (1.6ms)[0m  BEGIN
  [1m[36mSQL (2.4ms)[0m  [1mDELETE FROM "answers" WHERE "answers"."id" = $1[0m  [["id", 1232]]
  [1m[35m (3.4ms)[0m  COMMIT
  [1m[36m (0.6ms)[0m  [1mBEGIN[0m
  [1m[35mSQL (0.9ms)[0m  DELETE FROM "answers" WHERE "answers"."id" = $1  [["id", 1233]]
  [1m[36m (3.2ms)[0m  [1mCOMMIT[0m
  [1m[35m (1.5ms)[0m  BEGIN
  [1m[36mSQL (1.7ms)[0m  [1mDELETE FROM "answers" WHERE "answers"."id" = $1[0m  [["id", 1234]]
  [1m[35m (2.9ms)[0m  COMMIT
  [1m[36m (1.4ms)[0m  [1mBEGIN[0m
  [1m[35mSQL (1.5ms)[0m  DELETE FROM "answers" WHERE "answers"."id" = $1  [["id", 1235]]
  [1m[36m (2.4ms)[0m  [1mCOMMIT[0m
  [1m[35m (1.2ms)[0m  BEGIN
  [1m[36mSQL (1.9ms)[0m  [1mDELETE FROM "answers" WHERE "answers"."id" = $1[0m  [["id", 1236]]
  [1m[35m (3.6ms)[0m  COMMIT
  [1m[36m (2.4ms)[0m  [1mBEGIN[0m
  [1m[35mSQL (1.0ms)[0m  DELETE FROM "answers" WHERE "answers"."id" = $1  [["id", 1237]]
  [1m[36m (2.5ms)[0m  [1mCOMMIT[0m
  [1m[35m (1.3ms)[0m  BEGIN
  [1m[36mSQL (2.6ms)[0m  [1mDELETE FROM "answers" WHERE "answers"."id" = $1[0m  [["id", 1238]]
  [1m[35m (3.3ms)[0m  COMMIT
  [1m[36m (1.3ms)[0m  [1mBEGIN[0m
  [1m[35mSQL (2.3ms)[0m  DELETE FROM "answers" WHERE "answers"."id" = $1  [["id", 1239]]
  [1m[36m (4.8ms)[0m  [1mCOMMIT[0m
  [1m[35m (0.8ms)[0m  BEGIN
  [1m[36mSQL (1.2ms)[0m  [1mDELETE FROM "answers" WHERE "answers"."id" = $1[0m  [["id", 1240]]
  [1m[35m (2.3ms)[0m  COMMIT
  [1m[36m (1.2ms)[0m  [1mBEGIN[0m
  [1m[35mSQL (2.4ms)[0m  DELETE FROM "answers" WHERE "answers"."id" = $1  [["id", 1241]]
  [1m[36m (3.4ms)[0m  [1mCOMMIT[0m
  [1m[35m (1.5ms)[0m  BEGIN
  [1m[36mSQL (1.7ms)[0m  [1mDELETE FROM "answers" WHERE "answers"."id" = $1[0m  [["id", 1242]]
  [1m[35m (3.0ms)[0m  COMMIT
  [1m[36m (0.7ms)[0m  [1mBEGIN[0m
  [1m[35mSQL (0.9ms)[0m  DELETE FROM "answers" WHERE "answers"."id" = $1  [["id", 1243]]
  [1m[36m (2.5ms)[0m  [1mCOMMIT[0m
  [1m[35m (1.1ms)[0m  BEGIN
  [1m[36mSQL (1.7ms)[0m  [1mDELETE FROM "answers" WHERE "answers"."id" = $1[0m  [["id", 1244]]
  [1m[35m (4.2ms)[0m  COMMIT
  [1m[36m (1.6ms)[0m  [1mBEGIN[0m
  [1m[35mSQL (1.3ms)[0m  DELETE FROM "answers" WHERE "answers"."id" = $1  [["id", 1245]]
  [1m[36m (2.7ms)[0m  [1mCOMMIT[0m
  [1m[35m (1.6ms)[0m  BEGIN
  [1m[36mSQL (1.6ms)[0m  [1mDELETE FROM "answers" WHERE "answers"."id" = $1[0m  [["id", 1246]]
  [1m[35m (3.1ms)[0m  COMMIT
  [1m[36m (1.1ms)[0m  [1mBEGIN[0m
  [1m[35mSQL (1.3ms)[0m  DELETE FROM "answers" WHERE "answers"."id" = $1  [["id", 1247]]
  [1m[36m (4.0ms)[0m  [1mCOMMIT[0m
  [1m[35m (2.0ms)[0m  BEGIN
  [1m[36mSQL (1.9ms)[0m  [1mDELETE FROM "answers" WHERE "answers"."id" = $1[0m  [["id", 1248]]
  [1m[35m (3.5ms)[0m  COMMIT
  [1m[36m (1.5ms)[0m  [1mBEGIN[0m
  [1m[35mSQL (0.9ms)[0m  DELETE FROM "answers" WHERE "answers"."id" = $1  [["id", 1249]]
  [1m[36m (2.6ms)[0m  [1mCOMMIT[0m
  [1m[35m (1.4ms)[0m  BEGIN
  [1m[36mSQL (0.7ms)[0m  [1mDELETE FROM "answers" WHERE "answers"."id" = $1[0m  [["id", 1250]]
  [1m[35m (2.9ms)[0m  COMMIT
  [1m[36m (1.3ms)[0m  [1mBEGIN[0m
  [1m[35mSQL (1.6ms)[0m  DELETE FROM "answers" WHERE "answers"."id" = $1  [["id", 1251]]
  [1m[36m (2.7ms)[0m  [1mCOMMIT[0m
  [1m[35m (1.1ms)[0m  BEGIN
  [1m[36mSQL (1.7ms)[0m  [1mDELETE FROM "answers" WHERE "answers"."id" = $1[0m  [["id", 1252]]
  [1m[35m (2.1ms)[0m  COMMIT
  [1m[36m (1.1ms)[0m  [1mBEGIN[0m
  [1m[35mSQL (2.1ms)[0m  DELETE FROM "answers" WHERE "answers"."id" = $1  [["id", 1253]]
  [1m[36m (3.7ms)[0m  [1mCOMMIT[0m
  [1m[35m (0.7ms)[0m  BEGIN
  [1m[36mSQL (0.9ms)[0m  [1mDELETE FROM "answers" WHERE "answers"."id" = $1[0m  [["id", 1254]]
  [1m[35m (3.4ms)[0m  COMMIT
  [1m[36m (0.9ms)[0m  [1mBEGIN[0m
  [1m[35mSQL (0.8ms)[0m  DELETE FROM "answers" WHERE "answers"."id" = $1  [["id", 1255]]
  [1m[36m (2.6ms)[0m  [1mCOMMIT[0m
  [1m[35m (1.4ms)[0m  BEGIN
  [1m[36mSQL (1.2ms)[0m  [1mDELETE FROM "answers" WHERE "answers"."id" = $1[0m  [["id", 1256]]
  [1m[35m (3.6ms)[0m  COMMIT
  [1m[36m (1.5ms)[0m  [1mBEGIN[0m
  [1m[35mSQL (1.2ms)[0m  DELETE FROM "answers" WHERE "answers"."id" = $1  [["id", 1257]]
  [1m[36m (2.6ms)[0m  [1mCOMMIT[0m
  [1m[35m (1.6ms)[0m  BEGIN
  [1m[36mSQL (1.0ms)[0m  [1mDELETE FROM "answers" WHERE "answers"."id" = $1[0m  [["id", 1258]]
  [1m[35m (2.5ms)[0m  COMMIT
  [1m[36m (1.6ms)[0m  [1mBEGIN[0m
  [1m[35mSQL (2.8ms)[0m  DELETE FROM "answers" WHERE "answers"."id" = $1  [["id", 1259]]
  [1m[36m (3.9ms)[0m  [1mCOMMIT[0m
  [1m[35m (1.2ms)[0m  BEGIN
  [1m[36mSQL (1.7ms)[0m  [1mDELETE FROM "answers" WHERE "answers"."id" = $1[0m  [["id", 1260]]
  [1m[35m (2.8ms)[0m  COMMIT
  [1m[36m (0.8ms)[0m  [1mBEGIN[0m
  [1m[35mSQL (0.9ms)[0m  DELETE FROM "answers" WHERE "answers"."id" = $1  [["id", 1261]]
  [1m[36m (3.4ms)[0m  [1mCOMMIT[0m
  [1m[35m (1.9ms)[0m  BEGIN
  [1m[36mSQL (2.1ms)[0m  [1mDELETE FROM "answers" WHERE "answers"."id" = $1[0m  [["id", 1262]]
  [1m[35m (3.4ms)[0m  COMMIT
  [1m[36m (0.9ms)[0m  [1mBEGIN[0m
  [1m[35mSQL (1.2ms)[0m  DELETE FROM "answers" WHERE "answers"."id" = $1  [["id", 1263]]
  [1m[36m (3.3ms)[0m  [1mCOMMIT[0m
  [1m[35m (0.7ms)[0m  BEGIN
  [1m[36mSQL (2.1ms)[0m  [1mDELETE FROM "answers" WHERE "answers"."id" = $1[0m  [["id", 1264]]
  [1m[35m (4.0ms)[0m  COMMIT
  [1m[36m (1.2ms)[0m  [1mBEGIN[0m
  [1m[35mSQL (1.3ms)[0m  DELETE FROM "answers" WHERE "answers"."id" = $1  [["id", 1265]]
  [1m[36m (2.9ms)[0m  [1mCOMMIT[0m
  [1m[35m (1.5ms)[0m  BEGIN
  [1m[36mSQL (1.5ms)[0m  [1mDELETE FROM "answers" WHERE "answers"."id" = $1[0m  [["id", 1266]]
  [1m[35m (2.1ms)[0m  COMMIT
  [1m[36m (0.8ms)[0m  [1mBEGIN[0m
  [1m[35mSQL (1.5ms)[0m  DELETE FROM "answers" WHERE "answers"."id" = $1  [["id", 1267]]
  [1m[36m (3.5ms)[0m  [1mCOMMIT[0m
  [1m[35m (1.0ms)[0m  BEGIN
  [1m[36mSQL (1.0ms)[0m  [1mDELETE FROM "answers" WHERE "answers"."id" = $1[0m  [["id", 1268]]
  [1m[35m (3.4ms)[0m  COMMIT
  [1m[36m (1.0ms)[0m  [1mBEGIN[0m
  [1m[35mSQL (1.4ms)[0m  DELETE FROM "answers" WHERE "answers"."id" = $1  [["id", 1269]]
  [1m[36m (2.8ms)[0m  [1mCOMMIT[0m
  [1m[35m (1.7ms)[0m  BEGIN
  [1m[36mSQL (2.2ms)[0m  [1mDELETE FROM "answers" WHERE "answers"."id" = $1[0m  [["id", 1270]]
  [1m[35m (2.6ms)[0m  COMMIT
  [1m[36m (0.9ms)[0m  [1mBEGIN[0m
  [1m[35mSQL (1.9ms)[0m  DELETE FROM "answers" WHERE "answers"."id" = $1  [["id", 1271]]
  [1m[36m (2.6ms)[0m  [1mCOMMIT[0m
  [1m[35mSQL (5.5ms)[0m  UPDATE "users" SET "used" = 'f'
Redirected to http://192.168.100.101:3005/
Completed 302 Found in 5961ms (ActiveRecord: 946.2ms)


Started GET "/" for 192.168.100.100 at 2015-10-01 15:47:14 +0200
Processing by WelcomeController#index as HTML
  [1m[36mUser Load (2.8ms)[0m  [1mselect user_id, user_name, count(*) as cnt from answers left join corrects using (stage) left join users on answers.user_id = users.id  where answer = correct group by user_id, user_name order by cnt desc;[0m
  [1m[35mAnswer Load (2.9ms)[0m  select stage, answer ,count(*) as cnt from answers group by stage, answer order by stage ,answer;
  [1m[36m (2.9ms)[0m  [1mSELECT MAX("answers"."stage") AS max_id FROM "answers"[0m
  Rendered welcome/index.html.haml within layouts/application (5.5ms)
  [1m[35mAdmin Load (1.7ms)[0m  SELECT  "admins".* FROM "admins"  WHERE "admins"."id" = 1  ORDER BY "admins"."id" ASC LIMIT 1
Completed 200 OK in 533ms (Views: 401.7ms | ActiveRecord: 10.2ms)
